[  4927.781] 
X.Org X Server 1.21.1.6
X Protocol Version 11, Revision 0
[  4927.785] Current Operating System: Linux whoami 6.1.2-arch1-1 #1 SMP PREEMPT_DYNAMIC Sat, 31 Dec 2022 17:40:35 +0000 x86_64
[  4927.785] Kernel command line: BOOT_IMAGE=/boot/vmlinuz-linux root=UUID=c4258eb5-adc7-424a-bf4b-7124c498a8b8 rw loglevel=3 pci=noaer
[  4927.788]  
[  4927.790] Current version of pixman: 0.42.2
[  4927.793] 	Before reporting problems, check http://wiki.x.org
	to make sure that you have the latest version.
[  4927.793] Markers: (--) probed, (**) from config file, (==) default setting,
	(++) from command line, (!!) notice, (II) informational,
	(WW) warning, (EE) error, (NI) not implemented, (??) unknown.
[  4927.797] (==) Log file: "/home/sahilsuman/.local/share/xorg/Xorg.0.log", Time: Fri Jan  6 17:02:02 2023
[  4927.797] (==) Using config directory: "/etc/X11/xorg.conf.d"
[  4927.798] (==) Using system config directory "/usr/share/X11/xorg.conf.d"
[  4927.798] (==) No Layout section.  Using the first Screen section.
[  4927.798] (==) No screen section available. Using defaults.
[  4927.798] (**) |-->Screen "Default Screen Section" (0)
[  4927.798] (**) |   |-->Monitor "<default monitor>"
[  4927.798] (==) No monitor specified for screen "Default Screen Section".
	Using a default monitor configuration.
[  4927.798] (==) Automatically adding devices
[  4927.798] (==) Automatically enabling devices
[  4927.798] (==) Automatically adding GPU devices
[  4927.798] (==) Automatically binding GPU devices
[  4927.798] (==) Max clients allowed: 256, resource mask: 0x1fffff
[  4927.798] (WW) The directory "/usr/share/fonts/misc" does not exist.
[  4927.798] 	Entry deleted from font path.
[  4927.798] (WW) `fonts.dir' not found (or not valid) in "/usr/share/fonts/TTF".
[  4927.798] 	Entry deleted from font path.
[  4927.798] 	(Run 'mkfontdir' on "/usr/share/fonts/TTF").
[  4927.798] (WW) The directory "/usr/share/fonts/OTF" does not exist.
[  4927.798] 	Entry deleted from font path.
[  4927.798] (WW) The directory "/usr/share/fonts/Type1" does not exist.
[  4927.798] 	Entry deleted from font path.
[  4927.798] (WW) The directory "/usr/share/fonts/100dpi" does not exist.
[  4927.798] 	Entry deleted from font path.
[  4927.798] (WW) The directory "/usr/share/fonts/75dpi" does not exist.
[  4927.798] 	Entry deleted from font path.
[  4927.798] (==) FontPath set to:
	
[  4927.798] (==) ModulePath set to "/usr/lib/xorg/modules"
[  4927.798] (II) The server relies on udev to provide the list of input devices.
	If no devices become available, reconfigure udev or disable AutoAddDevices.
[  4927.798] (II) Module ABI versions:
[  4927.798] 	X.Org ANSI C Emulation: 0.4
[  4927.798] 	X.Org Video Driver: 25.2
[  4927.798] 	X.Org XInput driver : 24.4
[  4927.798] 	X.Org Server Extension : 10.0
[  4927.799] (++) using VT number 1

[  4927.800] (II) systemd-logind: took control of session /org/freedesktop/login1/session/_31
[  4927.800] (II) xfree86: Adding drm device (/dev/dri/card0)
[  4927.800] (II) Platform probe for /sys/devices/pci0000:00/0000:00:01.0/0000:01:00.0/drm/card0
[  4927.800] (II) systemd-logind: got fd for /dev/dri/card0 226:0 fd 13 paused 0
[  4927.801] (II) xfree86: Adding drm device (/dev/dri/card1)
[  4927.801] (II) Platform probe for /sys/devices/pci0000:00/0000:00:02.0/drm/card1
[  4927.801] (II) systemd-logind: got fd for /dev/dri/card1 226:1 fd 14 paused 0
[  4927.802] (--) PCI:*(0@0:2:0) 8086:9bc4:1043:1e91 rev 5, Mem @ 0xc3000000/16777216, 0xa0000000/268435456, I/O @ 0x00005000/64, BIOS @ 0x????????/131072
[  4927.802] (--) PCI: (1@0:0:0) 10de:1f95:1043:1e91 rev 161, Mem @ 0xc4000000/16777216, 0xb0000000/268435456, 0xc0000000/33554432, I/O @ 0x00004000/128, BIOS @ 0x????????/524288
[  4927.802] (WW) Open ACPI failed (/var/run/acpid.socket) (No such file or directory)
[  4927.802] (II) LoadModule: "glx"
[  4927.802] (II) Loading /usr/lib/xorg/modules/extensions/libglx.so
[  4927.803] (II) Module glx: vendor="X.Org Foundation"
[  4927.803] 	compiled for 1.21.1.6, module version = 1.0.0
[  4927.803] 	ABI class: X.Org Server Extension, version 10.0
[  4927.803] (==) Matched intel as autoconfigured driver 0
[  4927.803] (==) Matched nouveau as autoconfigured driver 1
[  4927.803] (==) Matched nv as autoconfigured driver 2
[  4927.803] (==) Matched modesetting as autoconfigured driver 3
[  4927.803] (==) Matched fbdev as autoconfigured driver 4
[  4927.803] (==) Matched vesa as autoconfigured driver 5
[  4927.803] (==) Assigned the driver to the xf86ConfigLayout
[  4927.803] (II) LoadModule: "intel"
[  4927.803] (WW) Warning, couldn't open module intel
[  4927.803] (EE) Failed to load module "intel" (module does not exist, 0)
[  4927.803] (II) LoadModule: "nouveau"
[  4927.803] (WW) Warning, couldn't open module nouveau
[  4927.803] (EE) Failed to load module "nouveau" (module does not exist, 0)
[  4927.803] (II) LoadModule: "nv"
[  4927.803] (WW) Warning, couldn't open module nv
[  4927.803] (EE) Failed to load module "nv" (module does not exist, 0)
[  4927.803] (II) LoadModule: "modesetting"
[  4927.803] (II) Loading /usr/lib/xorg/modules/drivers/modesetting_drv.so
[  4927.803] (II) Module modesetting: vendor="X.Org Foundation"
[  4927.803] 	compiled for 1.21.1.6, module version = 1.21.1
[  4927.803] 	Module class: X.Org Video Driver
[  4927.803] 	ABI class: X.Org Video Driver, version 25.2
[  4927.803] (II) LoadModule: "fbdev"
[  4927.803] (WW) Warning, couldn't open module fbdev
[  4927.803] (EE) Failed to load module "fbdev" (module does not exist, 0)
[  4927.803] (II) LoadModule: "vesa"
[  4927.803] (WW) Warning, couldn't open module vesa
[  4927.803] (EE) Failed to load module "vesa" (module does not exist, 0)
[  4927.803] (II) modesetting: Driver for Modesetting Kernel Drivers: kms
[  4927.804] (II) modeset(0): using drv /dev/dri/card1
[  4927.804] (II) modeset(G0): using drv /dev/dri/card0
[  4927.804] (WW) VGA arbiter: cannot open kernel arbiter, no multi-card support
[  4927.804] (II) modeset(0): Creating default Display subsection in Screen section
	"Default Screen Section" for depth/fbbpp 24/32
[  4927.804] (==) modeset(0): Depth 24, (==) framebuffer bpp 32
[  4927.804] (==) modeset(0): RGB weight 888
[  4927.804] (==) modeset(0): Default visual is TrueColor
[  4927.804] (II) Loading sub module "glamoregl"
[  4927.804] (II) LoadModule: "glamoregl"
[  4927.804] (II) Loading /usr/lib/xorg/modules/libglamoregl.so
[  4927.806] (II) Module glamoregl: vendor="X.Org Foundation"
[  4927.806] 	compiled for 1.21.1.6, module version = 1.0.1
[  4927.806] 	ABI class: X.Org ANSI C Emulation, version 0.4
[  4927.850] (II) modeset(0): glamor X acceleration enabled on Mesa Intel(R) UHD Graphics (CML GT2)
[  4927.850] (II) modeset(0): glamor initialized
[  4927.850] (==) modeset(0): VariableRefresh: disabled
[  4927.850] (==) modeset(0): AsyncFlipSecondaries: disabled
[  4927.852] (II) modeset(0): Output eDP-1 has no monitor section
[  4927.853] (II) modeset(0): EDID for output eDP-1
[  4927.853] (II) modeset(0): Manufacturer: NCP  Model: 4d  Serial#: 0
[  4927.853] (II) modeset(0): Year: 2019  Week: 51
[  4927.853] (II) modeset(0): EDID Version: 1.4
[  4927.853] (II) modeset(0): Digital Display Input
[  4927.853] (II) modeset(0): 8 bits per channel
[  4927.853] (II) modeset(0): Digital interface is DisplayPort
[  4927.853] (II) modeset(0): Max Image Size [cm]: horiz.: 34  vert.: 19
[  4927.853] (II) modeset(0): Gamma: 2.20
[  4927.853] (II) modeset(0): No DPMS capabilities specified
[  4927.853] (II) modeset(0): Supported color encodings: RGB 4:4:4 
[  4927.853] (II) modeset(0): First detailed timing is preferred mode
[  4927.853] (II) modeset(0): Preferred mode is native pixel format and refresh rate
[  4927.853] (II) modeset(0): Display is continuous-frequency
[  4927.853] (II) modeset(0): redX: 0.595 redY: 0.361   greenX: 0.346 greenY: 0.555
[  4927.853] (II) modeset(0): blueX: 0.157 blueY: 0.106   whiteX: 0.312 whiteY: 0.328
[  4927.853] (II) modeset(0): Manufacturer's mask: 0
[  4927.853] (II) modeset(0): Supported detailed timing:
[  4927.853] (II) modeset(0): clock: 354.7 MHz   Image Size:  344 x 194 mm
[  4927.853] (II) modeset(0): h_active: 1920  h_sync: 1968  h_sync_end 2000 h_blank_end 2180 h_border: 0
[  4927.853] (II) modeset(0): v_active: 1080  v_sync: 1083  v_sync_end 1088 v_blanking: 1130 v_border: 0
[  4927.853] (II) modeset(0): Supported detailed timing:
[  4927.853] (II) modeset(0): clock: 147.8 MHz   Image Size:  344 x 194 mm
[  4927.853] (II) modeset(0): h_active: 1920  h_sync: 1968  h_sync_end 2000 h_blank_end 2180 h_border: 0
[  4927.853] (II) modeset(0): v_active: 1080  v_sync: 1083  v_sync_end 1088 v_blanking: 1130 v_border: 0
[  4927.853] (II) modeset(0): Ranges: V min: 48 V max: 144 Hz, H min: 154 H max: 154 kHz, PixClock max 355 MHz
[  4927.853] (II) modeset(0):  LM156LF-2F01
[  4927.853] (II) modeset(0): EDID (in hex):
[  4927.853] (II) modeset(0): 	00ffffffffffff0038704d0000000000
[  4927.853] (II) modeset(0): 	331d0104a5221378036850985c588e28
[  4927.853] (II) modeset(0): 	1b505400000001010101010101010101
[  4927.853] (II) modeset(0): 	010101010101918a8004713832403020
[  4927.853] (II) modeset(0): 	350058c21000001abd39800471383240
[  4927.853] (II) modeset(0): 	3020350058c21000001a000000fd0030
[  4927.853] (II) modeset(0): 	909a9a23010a202020202020000000fe
[  4927.853] (II) modeset(0): 	004c4d3135364c462d324630310a0049
[  4927.854] (II) modeset(0): Printing probed modes for output eDP-1
[  4927.854] (II) modeset(0): Modeline "1920x1080"x144.0  354.73  1920 1968 2000 2180  1080 1083 1088 1130 +hsync -vsync (162.7 kHz eP)
[  4927.854] (II) modeset(0): Modeline "1920x1080"x60.0  356.38  1920 2080 2288 2656  1080 1081 1084 1118 doublescan -hsync +vsync (134.2 kHz d)
[  4927.854] (II) modeset(0): Modeline "1920x1080"x60.0  266.50  1920 1944 1960 2000  1080 1081 1084 1111 doublescan +hsync -vsync (133.2 kHz d)
[  4927.854] (II) modeset(0): Modeline "1920x1080"x60.0  173.00  1920 2048 2248 2576  1080 1083 1088 1120 -hsync +vsync (67.2 kHz d)
[  4927.854] (II) modeset(0): Modeline "1920x1080"x60.0  147.81  1920 1968 2000 2180  1080 1083 1088 1130 +hsync -vsync (67.8 kHz e)
[  4927.854] (II) modeset(0): Modeline "1920x1080"x59.9  138.50  1920 1968 2000 2080  1080 1083 1088 1111 +hsync -vsync (66.6 kHz d)
[  4927.854] (II) modeset(0): Modeline "1680x1050"x60.0  146.25  1680 1784 1960 2240  1050 1053 1059 1089 -hsync +vsync (65.3 kHz d)
[  4927.854] (II) modeset(0): Modeline "1680x1050"x59.9  119.00  1680 1728 1760 1840  1050 1053 1059 1080 +hsync -vsync (64.7 kHz d)
[  4927.854] (II) modeset(0): Modeline "1400x1050"x74.8  155.80  1400 1464 1784 1912  1050 1052 1064 1090 +hsync +vsync (81.5 kHz d)
[  4927.854] (II) modeset(0): Modeline "1400x1050"x60.0  122.00  1400 1488 1640 1880  1050 1052 1064 1082 +hsync +vsync (64.9 kHz d)
[  4927.854] (II) modeset(0): Modeline "1600x900"x60.0  246.00  1600 1728 1900 2200  900 901 904 932 doublescan -hsync +vsync (111.8 kHz d)
[  4927.854] (II) modeset(0): Modeline "1600x900"x59.9  186.50  1600 1624 1640 1680  900 901 904 926 doublescan +hsync -vsync (111.0 kHz d)
[  4927.854] (II) modeset(0): Modeline "1600x900"x59.9  118.25  1600 1696 1856 2112  900 903 908 934 -hsync +vsync (56.0 kHz d)
[  4927.854] (II) modeset(0): Modeline "1600x900"x59.8   97.50  1600 1648 1680 1760  900 903 908 926 +hsync -vsync (55.4 kHz d)
[  4927.854] (II) modeset(0): Modeline "1280x1024"x85.0  157.50  1280 1344 1504 1728  1024 1025 1028 1072 +hsync +vsync (91.1 kHz d)
[  4927.854] (II) modeset(0): Modeline "1280x1024"x75.0  135.00  1280 1296 1440 1688  1024 1025 1028 1066 +hsync +vsync (80.0 kHz d)
[  4927.854] (II) modeset(0): Modeline "1280x1024"x60.0  108.00  1280 1328 1440 1688  1024 1025 1028 1066 +hsync +vsync (64.0 kHz d)
[  4927.854] (II) modeset(0): Modeline "1400x900"x60.0  103.50  1400 1480 1624 1848  900 903 913 934 -hsync +vsync (56.0 kHz d)
[  4927.854] (II) modeset(0): Modeline "1400x900"x59.9   86.50  1400 1448 1480 1560  900 903 913 926 +hsync -vsync (55.4 kHz d)
[  4927.854] (II) modeset(0): Modeline "1280x960"x85.0  148.50  1280 1344 1504 1728  960 961 964 1011 +hsync +vsync (85.9 kHz d)
[  4927.854] (II) modeset(0): Modeline "1280x960"x60.0  108.00  1280 1376 1488 1800  960 961 964 1000 +hsync +vsync (60.0 kHz d)
[  4927.854] (II) modeset(0): Modeline "1440x810"x60.0  198.12  1440 1548 1704 1968  810 811 814 839 doublescan -hsync +vsync (100.7 kHz d)
[  4927.854] (II) modeset(0): Modeline "1440x810"x60.0  151.88  1440 1464 1480 1520  810 811 814 833 doublescan +hsync -vsync (99.9 kHz d)
[  4927.854] (II) modeset(0): Modeline "1368x768"x59.9   85.25  1368 1440 1576 1784  768 771 781 798 -hsync +vsync (47.8 kHz d)
[  4927.854] (II) modeset(0): Modeline "1368x768"x59.9   72.25  1368 1416 1448 1528  768 771 781 790 +hsync -vsync (47.3 kHz d)
[  4927.854] (II) modeset(0): Modeline "1280x800"x60.0  174.25  1280 1380 1516 1752  800 801 804 829 doublescan -hsync +vsync (99.5 kHz d)
[  4927.854] (II) modeset(0): Modeline "1280x800"x60.0  134.25  1280 1304 1320 1360  800 801 804 823 doublescan +hsync -vsync (98.7 kHz d)
[  4927.854] (II) modeset(0): Modeline "1280x800"x59.8   83.50  1280 1352 1480 1680  800 803 809 831 -hsync +vsync (49.7 kHz d)
[  4927.854] (II) modeset(0): Modeline "1280x800"x59.9   71.00  1280 1328 1360 1440  800 803 809 823 +hsync -vsync (49.3 kHz d)
[  4927.854] (II) modeset(0): Modeline "1152x864"x75.0  108.00  1152 1216 1344 1600  864 865 868 900 +hsync +vsync (67.5 kHz d)
[  4927.854] (II) modeset(0): Modeline "1280x720"x60.0  156.12  1280 1376 1512 1744  720 721 724 746 doublescan -hsync +vsync (89.5 kHz d)
[  4927.854] (II) modeset(0): Modeline "1280x720"x60.0  120.75  1280 1304 1320 1360  720 721 724 740 doublescan +hsync -vsync (88.8 kHz d)
[  4927.854] (II) modeset(0): Modeline "1280x720"x59.9   74.50  1280 1344 1472 1664  720 723 728 748 -hsync +vsync (44.8 kHz d)
[  4927.854] (II) modeset(0): Modeline "1280x720"x59.7   63.75  1280 1328 1360 1440  720 723 728 741 +hsync -vsync (44.3 kHz d)
[  4927.854] (II) modeset(0): Modeline "1024x768"x85.0  194.02  1024 1108 1220 1416  768 768 770 806 doublescan -hsync +vsync (137.0 kHz d)
[  4927.854] (II) modeset(0): Modeline "1024x768"x75.0  170.24  1024 1108 1220 1416  768 768 770 801 doublescan -hsync +vsync (120.2 kHz d)
[  4927.854] (II) modeset(0): Modeline "1024x768"x60.0  133.47  1024 1100 1212 1400  768 768 770 794 doublescan -hsync +vsync (95.3 kHz d)
[  4927.854] (II) modeset(0): Modeline "1024x768"x85.0   94.50  1024 1072 1168 1376  768 769 772 808 +hsync +vsync (68.7 kHz d)
[  4927.854] (II) modeset(0): Modeline "1024x768"x75.0   78.75  1024 1040 1136 1312  768 769 772 800 +hsync +vsync (60.0 kHz d)
[  4927.854] (II) modeset(0): Modeline "1024x768"x70.1   75.00  1024 1048 1184 1328  768 771 777 806 -hsync -vsync (56.5 kHz d)
[  4927.854] (II) modeset(0): Modeline "1024x768"x60.0   65.00  1024 1048 1184 1344  768 771 777 806 -hsync -vsync (48.4 kHz d)
[  4927.854] (II) modeset(0): Modeline "1024x768i"x87.0   44.90  1024 1032 1208 1264  768 768 776 817 interlace +hsync +vsync (35.5 kHz d)
[  4927.854] (II) modeset(0): Modeline "960x720"x85.0  170.68  960 1036 1144 1328  720 720 722 756 doublescan -hsync +vsync (128.5 kHz d)
[  4927.854] (II) modeset(0): Modeline "960x720"x75.0  148.50  960 1032 1144 1320  720 720 722 750 doublescan -hsync +vsync (112.5 kHz d)
[  4927.854] (II) modeset(0): Modeline "960x720"x60.0  117.00  960 1024 1128 1300  720 720 722 750 doublescan -hsync +vsync (90.0 kHz d)
[  4927.854] (II) modeset(0): Modeline "928x696"x75.0  144.00  928 992 1104 1280  696 696 698 750 doublescan -hsync +vsync (112.5 kHz d)
[  4927.854] (II) modeset(0): Modeline "928x696"x60.1  109.15  928 976 1088 1264  696 696 698 719 doublescan -hsync +vsync (86.4 kHz d)
[  4927.854] (II) modeset(0): Modeline "896x672"x75.0  130.50  896 944 1052 1228  672 672 674 708 doublescan -hsync +vsync (106.3 kHz d)
[  4927.854] (II) modeset(0): Modeline "896x672"x60.0  102.40  896 960 1060 1224  672 672 674 697 doublescan -hsync +vsync (83.7 kHz d)
[  4927.854] (II) modeset(0): Modeline "1024x576"x60.0   98.50  1024 1092 1200 1376  576 577 580 597 doublescan -hsync +vsync (71.6 kHz d)
[  4927.854] (II) modeset(0): Modeline "1024x576"x60.0   78.38  1024 1048 1064 1104  576 577 580 592 doublescan +hsync -vsync (71.0 kHz d)
[  4927.854] (II) modeset(0): Modeline "1024x576"x59.9   46.50  1024 1064 1160 1296  576 579 584 599 -hsync +vsync (35.9 kHz d)
[  4927.854] (II) modeset(0): Modeline "1024x576"x59.8   42.00  1024 1072 1104 1184  576 579 584 593 +hsync -vsync (35.5 kHz d)
[  4927.854] (II) modeset(0): Modeline "960x600"x59.9   96.62  960 1028 1128 1296  600 601 604 622 doublescan -hsync +vsync (74.6 kHz d)
[  4927.854] (II) modeset(0): Modeline "960x600"x60.0   77.00  960 984 1000 1040  600 601 604 617 doublescan +hsync -vsync (74.0 kHz d)
[  4927.854] (II) modeset(0): Modeline "832x624"x74.6   57.28  832 864 928 1152  624 625 628 667 -hsync -vsync (49.7 kHz d)
[  4927.854] (II) modeset(0): Modeline "960x540"x60.0   86.50  960 1024 1124 1288  540 541 544 560 doublescan -hsync +vsync (67.2 kHz d)
[  4927.854] (II) modeset(0): Modeline "960x540"x60.0   69.25  960 984 1000 1040  540 541 544 555 doublescan +hsync -vsync (66.6 kHz d)
[  4927.854] (II) modeset(0): Modeline "960x540"x59.6   40.75  960 992 1088 1216  540 543 548 562 -hsync +vsync (33.5 kHz d)
[  4927.854] (II) modeset(0): Modeline "960x540"x59.8   37.25  960 1008 1040 1120  540 543 548 556 +hsync -vsync (33.3 kHz d)
[  4927.854] (II) modeset(0): Modeline "800x600"x85.0  114.75  800 832 928 1080  600 600 602 625 doublescan +hsync +vsync (106.2 kHz d)
[  4927.854] (II) modeset(0): Modeline "800x600"x75.0  101.25  800 832 928 1080  600 600 602 625 doublescan +hsync +vsync (93.8 kHz d)
[  4927.854] (II) modeset(0): Modeline "800x600"x70.0   94.50  800 832 928 1080  600 600 602 625 doublescan +hsync +vsync (87.5 kHz d)
[  4927.854] (II) modeset(0): Modeline "800x600"x65.0   87.75  800 832 928 1080  600 600 602 625 doublescan +hsync +vsync (81.2 kHz d)
[  4927.854] (II) modeset(0): Modeline "800x600"x60.0   81.00  800 832 928 1080  600 600 602 625 doublescan +hsync +vsync (75.0 kHz d)
[  4927.854] (II) modeset(0): Modeline "800x600"x85.1   56.30  800 832 896 1048  600 601 604 631 +hsync +vsync (53.7 kHz d)
[  4927.854] (II) modeset(0): Modeline "800x600"x72.2   50.00  800 856 976 1040  600 637 643 666 +hsync +vsync (48.1 kHz d)
[  4927.854] (II) modeset(0): Modeline "800x600"x75.0   49.50  800 816 896 1056  600 601 604 625 +hsync +vsync (46.9 kHz d)
[  4927.854] (II) modeset(0): Modeline "800x600"x60.3   40.00  800 840 968 1056  600 601 605 628 +hsync +vsync (37.9 kHz d)
[  4927.854] (II) modeset(0): Modeline "800x600"x56.2   36.00  800 824 896 1024  600 601 603 625 +hsync +vsync (35.2 kHz d)
[  4927.854] (II) modeset(0): Modeline "840x525"x60.0   73.12  840 892 980 1120  525 526 529 544 doublescan -hsync +vsync (65.3 kHz d)
[  4927.854] (II) modeset(0): Modeline "840x525"x59.9   59.50  840 864 880 920  525 526 529 540 doublescan +hsync -vsync (64.7 kHz d)
[  4927.854] (II) modeset(0): Modeline "864x486"x59.9   32.50  864 888 968 1072  486 489 494 506 -hsync +vsync (30.3 kHz d)
[  4927.854] (II) modeset(0): Modeline "864x486"x59.6   30.50  864 912 944 1024  486 489 494 500 +hsync -vsync (29.8 kHz d)
[  4927.854] (II) modeset(0): Modeline "700x525"x74.8   77.90  700 732 892 956  525 526 532 545 doublescan +hsync +vsync (81.5 kHz d)
[  4927.854] (II) modeset(0): Modeline "700x525"x60.0   61.00  700 744 820 940  525 526 532 541 doublescan +hsync +vsync (64.9 kHz d)
[  4927.854] (II) modeset(0): Modeline "800x450"x59.9   59.12  800 848 928 1056  450 451 454 467 doublescan -hsync +vsync (56.0 kHz d)
[  4927.854] (II) modeset(0): Modeline "800x450"x59.8   48.75  800 824 840 880  450 451 454 463 doublescan +hsync -vsync (55.4 kHz d)
[  4927.854] (II) modeset(0): Modeline "640x512"x85.0   78.75  640 672 752 864  512 512 514 536 doublescan +hsync +vsync (91.1 kHz d)
[  4927.854] (II) modeset(0): Modeline "640x512"x75.0   67.50  640 648 720 844  512 512 514 533 doublescan +hsync +vsync (80.0 kHz d)
[  4927.854] (II) modeset(0): Modeline "640x512"x60.0   54.00  640 664 720 844  512 512 514 533 doublescan +hsync +vsync (64.0 kHz d)
[  4927.854] (II) modeset(0): Modeline "700x450"x60.0   51.75  700 740 812 924  450 451 456 467 doublescan -hsync +vsync (56.0 kHz d)
[  4927.854] (II) modeset(0): Modeline "700x450"x59.9   43.25  700 724 740 780  450 451 456 463 doublescan +hsync -vsync (55.4 kHz d)
[  4927.854] (II) modeset(0): Modeline "640x480"x85.1   74.25  640 672 752 864  480 480 482 505 doublescan +hsync +vsync (85.9 kHz d)
[  4927.854] (II) modeset(0): Modeline "640x480"x60.0   54.00  640 688 744 900  480 480 482 500 doublescan +hsync +vsync (60.0 kHz d)
[  4927.854] (II) modeset(0): Modeline "640x480"x85.0   36.00  640 696 752 832  480 481 484 509 -hsync -vsync (43.3 kHz d)
[  4927.854] (II) modeset(0): Modeline "640x480"x72.8   31.50  640 664 704 832  480 489 492 520 -hsync -vsync (37.9 kHz d)
[  4927.854] (II) modeset(0): Modeline "640x480"x75.0   31.50  640 656 720 840  480 481 484 500 -hsync -vsync (37.5 kHz d)
[  4927.854] (II) modeset(0): Modeline "640x480"x59.9   25.18  640 656 752 800  480 490 492 525 -hsync -vsync (31.5 kHz d)
[  4927.854] (II) modeset(0): Modeline "720x405"x59.5   22.50  720 744 808 896  405 408 413 422 -hsync +vsync (25.1 kHz d)
[  4927.854] (II) modeset(0): Modeline "720x405"x59.0   21.75  720 768 800 880  405 408 413 419 +hsync -vsync (24.7 kHz d)
[  4927.854] (II) modeset(0): Modeline "720x400"x85.0   35.50  720 756 828 936  400 401 404 446 -hsync +vsync (37.9 kHz d)
[  4927.854] (II) modeset(0): Modeline "684x384"x59.9   42.62  684 720 788 892  384 385 390 399 doublescan -hsync +vsync (47.8 kHz d)
[  4927.854] (II) modeset(0): Modeline "684x384"x59.9   36.12  684 708 724 764  384 385 390 395 doublescan +hsync -vsync (47.3 kHz d)
[  4927.854] (II) modeset(0): Modeline "640x400"x59.9   41.75  640 676 740 840  400 401 404 415 doublescan -hsync +vsync (49.7 kHz d)
[  4927.854] (II) modeset(0): Modeline "640x400"x60.0   35.50  640 664 680 720  400 401 404 411 doublescan +hsync -vsync (49.3 kHz d)
[  4927.854] (II) modeset(0): Modeline "640x400"x85.1   31.50  640 672 736 832  400 401 404 445 -hsync +vsync (37.9 kHz d)
[  4927.854] (II) modeset(0): Modeline "576x432"x75.0   54.00  576 608 672 800  432 432 434 450 doublescan +hsync +vsync (67.5 kHz d)
[  4927.854] (II) modeset(0): Modeline "640x360"x59.9   37.25  640 672 736 832  360 361 364 374 doublescan -hsync +vsync (44.8 kHz d)
[  4927.854] (II) modeset(0): Modeline "640x360"x59.8   31.88  640 664 680 720  360 361 364 370 doublescan +hsync -vsync (44.3 kHz d)
[  4927.854] (II) modeset(0): Modeline "640x360"x59.8   18.00  640 664 720 800  360 363 368 376 -hsync +vsync (22.5 kHz d)
[  4927.854] (II) modeset(0): Modeline "640x360"x59.3   17.75  640 688 720 800  360 363 368 374 +hsync -vsync (22.2 kHz d)
[  4927.854] (II) modeset(0): Modeline "640x350"x85.1   31.50  640 672 736 832  350 382 385 445 +hsync -vsync (37.9 kHz d)
[  4927.854] (II) modeset(0): Modeline "512x384"x85.0   47.25  512 536 584 688  384 384 386 404 doublescan +hsync +vsync (68.7 kHz d)
[  4927.854] (II) modeset(0): Modeline "512x384"x75.0   39.38  512 520 568 656  384 384 386 400 doublescan +hsync +vsync (60.0 kHz d)
[  4927.854] (II) modeset(0): Modeline "512x384"x70.1   37.50  512 524 592 664  384 385 388 403 doublescan -hsync -vsync (56.5 kHz d)
[  4927.854] (II) modeset(0): Modeline "512x384"x60.0   32.50  512 524 592 672  384 385 388 403 doublescan -hsync -vsync (48.4 kHz d)
[  4927.854] (II) modeset(0): Modeline "512x384i"x87.1   22.45  512 516 604 632  384 384 388 408 interlace doublescan +hsync +vsync (35.5 kHz d)
[  4927.854] (II) modeset(0): Modeline "512x288"x60.0   23.25  512 532 580 648  288 289 292 299 doublescan -hsync +vsync (35.9 kHz d)
[  4927.854] (II) modeset(0): Modeline "512x288"x59.9   21.00  512 536 552 592  288 289 292 296 doublescan +hsync -vsync (35.5 kHz d)
[  4927.854] (II) modeset(0): Modeline "416x312"x74.7   28.64  416 432 464 576  312 312 314 333 doublescan -hsync -vsync (49.7 kHz d)
[  4927.854] (II) modeset(0): Modeline "480x270"x59.6   20.38  480 496 544 608  270 271 274 281 doublescan -hsync +vsync (33.5 kHz d)
[  4927.854] (II) modeset(0): Modeline "480x270"x59.8   18.62  480 504 520 560  270 271 274 278 doublescan +hsync -vsync (33.3 kHz d)
[  4927.854] (II) modeset(0): Modeline "400x300"x85.3   28.15  400 416 448 524  300 300 302 315 doublescan +hsync +vsync (53.7 kHz d)
[  4927.854] (II) modeset(0): Modeline "400x300"x72.2   25.00  400 428 488 520  300 318 321 333 doublescan +hsync +vsync (48.1 kHz d)
[  4927.854] (II) modeset(0): Modeline "400x300"x75.1   24.75  400 408 448 528  300 300 302 312 doublescan +hsync +vsync (46.9 kHz d)
[  4927.854] (II) modeset(0): Modeline "400x300"x60.3   20.00  400 420 484 528  300 300 302 314 doublescan +hsync +vsync (37.9 kHz d)
[  4927.854] (II) modeset(0): Modeline "400x300"x56.3   18.00  400 412 448 512  300 300 301 312 doublescan +hsync +vsync (35.2 kHz d)
[  4927.854] (II) modeset(0): Modeline "432x243"x59.9   16.25  432 444 484 536  243 244 247 253 doublescan -hsync +vsync (30.3 kHz d)
[  4927.854] (II) modeset(0): Modeline "432x243"x59.6   15.25  432 456 472 512  243 244 247 250 doublescan +hsync -vsync (29.8 kHz d)
[  4927.854] (II) modeset(0): Modeline "320x240"x85.2   18.00  320 348 376 416  240 240 242 254 doublescan -hsync -vsync (43.3 kHz d)
[  4927.854] (II) modeset(0): Modeline "320x240"x72.8   15.75  320 332 352 416  240 244 246 260 doublescan -hsync -vsync (37.9 kHz d)
[  4927.854] (II) modeset(0): Modeline "320x240"x75.0   15.75  320 328 360 420  240 240 242 250 doublescan -hsync -vsync (37.5 kHz d)
[  4927.854] (II) modeset(0): Modeline "320x240"x60.1   12.59  320 328 376 400  240 245 246 262 doublescan -hsync -vsync (31.5 kHz d)
[  4927.854] (II) modeset(0): Modeline "360x202"x59.5   11.25  360 372 404 448  202 204 206 211 doublescan -hsync +vsync (25.1 kHz d)
[  4927.854] (II) modeset(0): Modeline "360x202"x59.1   10.88  360 384 400 440  202 204 206 209 doublescan +hsync -vsync (24.7 kHz d)
[  4927.854] (II) modeset(0): Modeline "360x200"x85.0   17.75  360 378 414 468  200 200 202 223 doublescan -hsync +vsync (37.9 kHz d)
[  4927.854] (II) modeset(0): Modeline "320x200"x85.3   15.75  320 336 368 416  200 200 202 222 doublescan -hsync +vsync (37.9 kHz d)
[  4927.854] (II) modeset(0): Modeline "320x180"x59.8    9.00  320 332 360 400  180 181 184 188 doublescan -hsync +vsync (22.5 kHz d)
[  4927.854] (II) modeset(0): Modeline "320x180"x59.3    8.88  320 344 360 400  180 181 184 187 doublescan +hsync -vsync (22.2 kHz d)
[  4927.854] (II) modeset(0): Modeline "320x175"x85.3   15.75  320 336 368 416  175 191 192 222 doublescan +hsync -vsync (37.9 kHz d)
[  4927.854] (II) modeset(0): Output eDP-1 connected
[  4927.854] (II) modeset(0): Using exact sizes for initial modes
[  4927.854] (II) modeset(0): Output eDP-1 using initial mode 1920x1080 +0+0
[  4927.854] (==) modeset(0): Using gamma correction (1.0, 1.0, 1.0)
[  4927.854] (==) modeset(0): DPI set to (96, 96)
[  4927.854] (II) Loading sub module "fb"
[  4927.854] (II) LoadModule: "fb"
[  4927.854] (II) Module "fb" already built-in
[  4927.854] (==) modeset(G0): Depth 24, (==) framebuffer bpp 32
[  4927.854] (==) modeset(G0): RGB weight 888
[  4927.854] (==) modeset(G0): Default visual is TrueColor
[  4927.854] (II) Loading sub module "glamoregl"
[  4927.854] (II) LoadModule: "glamoregl"
[  4927.854] (II) Loading /usr/lib/xorg/modules/libglamoregl.so
[  4927.854] (II) Module glamoregl: vendor="X.Org Foundation"
[  4927.854] 	compiled for 1.21.1.6, module version = 1.0.1
[  4927.854] 	ABI class: X.Org ANSI C Emulation, version 0.4
[  4927.868] (II) modeset(G0): glamor X acceleration enabled on NV167
[  4927.868] (II) modeset(G0): glamor initialized
[  4927.870] (II) modeset(G0): Output HDMI-1-1 has no monitor section
[  4927.921] (II) modeset(G0): Output DP-1-1 has no monitor section
[  4927.923] (II) modeset(G0): EDID for output HDMI-1-1
[  4927.974] (II) modeset(G0): EDID for output DP-1-1
[  4927.974] (==) modeset(G0): Using gamma correction (1.0, 1.0, 1.0)
[  4927.974] (==) modeset(G0): DPI set to (96, 96)
[  4927.974] (II) Loading sub module "fb"
[  4927.974] (II) LoadModule: "fb"
[  4927.974] (II) Module "fb" already built-in
[  4927.980] (==) modeset(0): Backing store enabled
[  4927.980] (==) modeset(0): Silken mouse enabled
[  4928.021] (II) modeset(0): Initializing kms color map for depth 24, 8 bpc.
[  4928.021] (==) modeset(0): DPMS enabled
[  4928.021] (II) modeset(0): [DRI2] Setup complete
[  4928.021] (II) modeset(0): [DRI2]   DRI driver: iris
[  4928.021] (II) modeset(0): [DRI2]   VDPAU driver: va_gl
[  4928.025] (==) modeset(G0): Backing store enabled
[  4928.025] (==) modeset(G0): Silken mouse enabled
[  4928.026] (II) modeset(G0): Initializing kms color map for depth 24, 8 bpc.
[  4928.026] (==) modeset(G0): DPMS enabled
[  4928.026] (II) modeset(G0): [DRI2] Setup complete
[  4928.026] (II) modeset(G0): [DRI2]   DRI driver: nouveau
[  4928.026] (II) modeset(G0): [DRI2]   VDPAU driver: nouveau
[  4928.026] (II) Initializing extension Generic Event Extension
[  4928.026] (II) Initializing extension SHAPE
[  4928.026] (II) Initializing extension MIT-SHM
[  4928.026] (II) Initializing extension XInputExtension
[  4928.026] (II) Initializing extension XTEST
[  4928.027] (II) Initializing extension BIG-REQUESTS
[  4928.027] (II) Initializing extension SYNC
[  4928.027] (II) Initializing extension XKEYBOARD
[  4928.027] (II) Initializing extension XC-MISC
[  4928.027] (II) Initializing extension SECURITY
[  4928.027] (II) Initializing extension XFIXES
[  4928.027] (II) Initializing extension RENDER
[  4928.027] (II) Initializing extension RANDR
[  4928.028] (II) Initializing extension COMPOSITE
[  4928.028] (II) Initializing extension DAMAGE
[  4928.028] (II) Initializing extension MIT-SCREEN-SAVER
[  4928.028] (II) Initializing extension DOUBLE-BUFFER
[  4928.028] (II) Initializing extension RECORD
[  4928.028] (II) Initializing extension DPMS
[  4928.029] (II) Initializing extension Present
[  4928.029] (II) Initializing extension DRI3
[  4928.029] (II) Initializing extension X-Resource
[  4928.029] (II) Initializing extension XVideo
[  4928.029] (II) Initializing extension XVideo-MotionCompensation
[  4928.029] (II) Initializing extension GLX
[  4928.038] (II) AIGLX: Loaded and initialized iris
[  4928.038] (II) GLX: Initialized DRI2 GL provider for screen 0
[  4928.038] (II) Initializing extension XFree86-VidModeExtension
[  4928.039] (II) Initializing extension XFree86-DGA
[  4928.039] (II) Initializing extension XFree86-DRI
[  4928.039] (II) Initializing extension DRI2
[  4928.039] (II) modeset(G0): Damage tracking initialized
[  4928.039] (II) modeset(0): Damage tracking initialized
[  4928.039] (II) modeset(0): Setting screen physical size to 508 x 285
[  4928.081] (II) config/udev: Adding input device Power Button (/dev/input/event3)
[  4928.081] (**) Power Button: Applying InputClass "libinput keyboard catchall"
[  4928.081] (II) LoadModule: "libinput"
[  4928.082] (II) Loading /usr/lib/xorg/modules/input/libinput_drv.so
[  4928.083] (II) Module libinput: vendor="X.Org Foundation"
[  4928.083] 	compiled for 1.21.1.3, module version = 1.2.1
[  4928.083] 	Module class: X.Org XInput Driver
[  4928.083] 	ABI class: X.Org XInput driver, version 24.4
[  4928.083] (II) Using input driver 'libinput' for 'Power Button'
[  4928.084] (II) systemd-logind: got fd for /dev/input/event3 13:67 fd 32 paused 0
[  4928.084] (**) Power Button: always reports core events
[  4928.084] (**) Option "Device" "/dev/input/event3"
[  4928.085] (II) event3  - Power Button: is tagged by udev as: Keyboard
[  4928.085] (II) event3  - Power Button: device is a keyboard
[  4928.085] (II) event3  - Power Button: device removed
[  4928.085] (**) Option "config_info" "udev:/sys/devices/LNXSYSTM:00/LNXPWRBN:00/input/input3/event3"
[  4928.085] (II) XINPUT: Adding extended input device "Power Button" (type: KEYBOARD, id 6)
[  4928.086] (II) event3  - Power Button: is tagged by udev as: Keyboard
[  4928.086] (II) event3  - Power Button: device is a keyboard
[  4928.087] (II) config/udev: Adding input device Asus Wireless Radio Control (/dev/input/event12)
[  4928.087] (**) Asus Wireless Radio Control: Applying InputClass "libinput keyboard catchall"
[  4928.087] (II) Using input driver 'libinput' for 'Asus Wireless Radio Control'
[  4928.087] (II) systemd-logind: got fd for /dev/input/event12 13:76 fd 35 paused 0
[  4928.087] (**) Asus Wireless Radio Control: always reports core events
[  4928.087] (**) Option "Device" "/dev/input/event12"
[  4928.088] (II) event12 - Asus Wireless Radio Control: is tagged by udev as: Keyboard
[  4928.088] (II) event12 - Asus Wireless Radio Control: device is a keyboard
[  4928.088] (II) event12 - Asus Wireless Radio Control: device removed
[  4928.088] (**) Option "config_info" "udev:/sys/devices/LNXSYSTM:00/LNXSYBUS:00/ATK4002:00/input/input13/event12"
[  4928.088] (II) XINPUT: Adding extended input device "Asus Wireless Radio Control" (type: KEYBOARD, id 7)
[  4928.088] (II) event12 - Asus Wireless Radio Control: is tagged by udev as: Keyboard
[  4928.088] (II) event12 - Asus Wireless Radio Control: device is a keyboard
[  4928.089] (II) config/udev: Adding input device Video Bus (/dev/input/event10)
[  4928.089] (**) Video Bus: Applying InputClass "libinput keyboard catchall"
[  4928.089] (II) Using input driver 'libinput' for 'Video Bus'
[  4928.089] (II) systemd-logind: got fd for /dev/input/event10 13:74 fd 36 paused 0
[  4928.089] (**) Video Bus: always reports core events
[  4928.089] (**) Option "Device" "/dev/input/event10"
[  4928.090] (II) event10 - Video Bus: is tagged by udev as: Keyboard
[  4928.090] (II) event10 - Video Bus: device is a keyboard
[  4928.090] (II) event10 - Video Bus: device removed
[  4928.090] (**) Option "config_info" "udev:/sys/devices/LNXSYSTM:00/LNXSYBUS:00/PNP0A08:00/LNXVIDEO:00/input/input11/event10"
[  4928.090] (II) XINPUT: Adding extended input device "Video Bus" (type: KEYBOARD, id 8)
[  4928.091] (II) event10 - Video Bus: is tagged by udev as: Keyboard
[  4928.091] (II) event10 - Video Bus: device is a keyboard
[  4928.091] (II) config/udev: Adding input device Video Bus (/dev/input/event11)
[  4928.091] (**) Video Bus: Applying InputClass "libinput keyboard catchall"
[  4928.091] (II) Using input driver 'libinput' for 'Video Bus'
[  4928.091] (II) systemd-logind: got fd for /dev/input/event11 13:75 fd 37 paused 0
[  4928.092] (**) Video Bus: always reports core events
[  4928.092] (**) Option "Device" "/dev/input/event11"
[  4928.092] (II) event11 - Video Bus: is tagged by udev as: Keyboard
[  4928.092] (II) event11 - Video Bus: device is a keyboard
[  4928.092] (II) event11 - Video Bus: device removed
[  4928.092] (**) Option "config_info" "udev:/sys/devices/LNXSYSTM:00/LNXSYBUS:00/PNP0A08:00/device:13/LNXVIDEO:01/input/input12/event11"
[  4928.092] (II) XINPUT: Adding extended input device "Video Bus" (type: KEYBOARD, id 9)
[  4928.093] (II) event11 - Video Bus: is tagged by udev as: Keyboard
[  4928.093] (II) event11 - Video Bus: device is a keyboard
[  4928.093] (II) config/udev: Adding input device Power Button (/dev/input/event2)
[  4928.093] (**) Power Button: Applying InputClass "libinput keyboard catchall"
[  4928.093] (II) Using input driver 'libinput' for 'Power Button'
[  4928.094] (II) systemd-logind: got fd for /dev/input/event2 13:66 fd 38 paused 0
[  4928.094] (**) Power Button: always reports core events
[  4928.094] (**) Option "Device" "/dev/input/event2"
[  4928.094] (II) event2  - Power Button: is tagged by udev as: Keyboard
[  4928.094] (II) event2  - Power Button: device is a keyboard
[  4928.094] (II) event2  - Power Button: device removed
[  4928.094] (**) Option "config_info" "udev:/sys/devices/LNXSYSTM:00/LNXSYBUS:00/PNP0C0C:00/input/input2/event2"
[  4928.094] (II) XINPUT: Adding extended input device "Power Button" (type: KEYBOARD, id 10)
[  4928.095] (II) event2  - Power Button: is tagged by udev as: Keyboard
[  4928.095] (II) event2  - Power Button: device is a keyboard
[  4928.095] (II) config/udev: Adding input device Lid Switch (/dev/input/event1)
[  4928.095] (II) No input driver specified, ignoring this device.
[  4928.095] (II) This device may have been added with another device file.
[  4928.095] (II) config/udev: Adding input device Sleep Button (/dev/input/event0)
[  4928.095] (**) Sleep Button: Applying InputClass "libinput keyboard catchall"
[  4928.095] (II) Using input driver 'libinput' for 'Sleep Button'
[  4928.096] (II) systemd-logind: got fd for /dev/input/event0 13:64 fd 39 paused 0
[  4928.096] (**) Sleep Button: always reports core events
[  4928.096] (**) Option "Device" "/dev/input/event0"
[  4928.096] (II) event0  - Sleep Button: is tagged by udev as: Keyboard
[  4928.096] (II) event0  - Sleep Button: device is a keyboard
[  4928.096] (II) event0  - Sleep Button: device removed
[  4928.096] (**) Option "config_info" "udev:/sys/devices/LNXSYSTM:00/LNXSYBUS:00/PNP0C0E:00/input/input0/event0"
[  4928.096] (II) XINPUT: Adding extended input device "Sleep Button" (type: KEYBOARD, id 11)
[  4928.097] (II) event0  - Sleep Button: is tagged by udev as: Keyboard
[  4928.097] (II) event0  - Sleep Button: device is a keyboard
[  4928.097] (II) config/udev: Adding input device HDA NVidia HDMI/DP,pcm=3 (/dev/input/event18)
[  4928.097] (II) No input driver specified, ignoring this device.
[  4928.097] (II) This device may have been added with another device file.
[  4928.097] (II) config/udev: Adding input device HDA NVidia HDMI/DP,pcm=7 (/dev/input/event19)
[  4928.097] (II) No input driver specified, ignoring this device.
[  4928.097] (II) This device may have been added with another device file.
[  4928.098] (II) config/udev: Adding input device HDA NVidia HDMI/DP,pcm=8 (/dev/input/event20)
[  4928.098] (II) No input driver specified, ignoring this device.
[  4928.098] (II) This device may have been added with another device file.
[  4928.098] (II) config/udev: Adding input device HDA NVidia HDMI/DP,pcm=9 (/dev/input/event21)
[  4928.098] (II) No input driver specified, ignoring this device.
[  4928.098] (II) This device may have been added with another device file.
[  4928.098] (II) config/udev: Adding input device MOSART Semi. 2.4G RF Keyboard & Mouse (/dev/input/event5)
[  4928.098] (**) MOSART Semi. 2.4G RF Keyboard & Mouse: Applying InputClass "libinput keyboard catchall"
[  4928.098] (II) Using input driver 'libinput' for 'MOSART Semi. 2.4G RF Keyboard & Mouse'
[  4928.099] (II) systemd-logind: got fd for /dev/input/event5 13:69 fd 40 paused 0
[  4928.099] (**) MOSART Semi. 2.4G RF Keyboard & Mouse: always reports core events
[  4928.099] (**) Option "Device" "/dev/input/event5"
[  4928.099] (II) event5  - MOSART Semi. 2.4G RF Keyboard & Mouse: is tagged by udev as: Keyboard
[  4928.099] (II) event5  - MOSART Semi. 2.4G RF Keyboard & Mouse: device is a keyboard
[  4928.100] (II) event5  - MOSART Semi. 2.4G RF Keyboard & Mouse: device removed
[  4928.100] (**) Option "config_info" "udev:/sys/devices/pci0000:00/0000:00:14.0/usb1/1-2/1-2:1.0/0003:3938:1032.0001/input/input5/event5"
[  4928.100] (II) XINPUT: Adding extended input device "MOSART Semi. 2.4G RF Keyboard & Mouse" (type: KEYBOARD, id 12)
[  4928.100] (II) event5  - MOSART Semi. 2.4G RF Keyboard & Mouse: is tagged by udev as: Keyboard
[  4928.100] (II) event5  - MOSART Semi. 2.4G RF Keyboard & Mouse: device is a keyboard
[  4928.101] (II) config/udev: Adding input device MOSART Semi. 2.4G RF Keyboard & Mouse (/dev/input/event9)
[  4928.101] (II) No input driver specified, ignoring this device.
[  4928.101] (II) This device may have been added with another device file.
[  4928.101] (II) config/udev: Adding input device MOSART Semi. 2.4G RF Keyboard & Mouse (/dev/input/event6)
[  4928.101] (**) MOSART Semi. 2.4G RF Keyboard & Mouse: Applying InputClass "libinput pointer catchall"
[  4928.101] (II) Using input driver 'libinput' for 'MOSART Semi. 2.4G RF Keyboard & Mouse'
[  4928.102] (II) systemd-logind: got fd for /dev/input/event6 13:70 fd 41 paused 0
[  4928.102] (**) MOSART Semi. 2.4G RF Keyboard & Mouse: always reports core events
[  4928.102] (**) Option "Device" "/dev/input/event6"
[  4928.102] (II) event6  - MOSART Semi. 2.4G RF Keyboard & Mouse: is tagged by udev as: Mouse
[  4928.102] (II) event6  - MOSART Semi. 2.4G RF Keyboard & Mouse: device is a pointer
[  4928.102] (II) event6  - MOSART Semi. 2.4G RF Keyboard & Mouse: device removed
[  4928.102] (**) Option "config_info" "udev:/sys/devices/pci0000:00/0000:00:14.0/usb1/1-2/1-2:1.1/0003:3938:1032.0002/input/input6/event6"
[  4928.102] (II) XINPUT: Adding extended input device "MOSART Semi. 2.4G RF Keyboard & Mouse" (type: MOUSE, id 13)
[  4928.103] (**) Option "AccelerationScheme" "none"
[  4928.103] (**) MOSART Semi. 2.4G RF Keyboard & Mouse: (accel) selected scheme none/0
[  4928.103] (**) MOSART Semi. 2.4G RF Keyboard & Mouse: (accel) acceleration factor: 2.000
[  4928.103] (**) MOSART Semi. 2.4G RF Keyboard & Mouse: (accel) acceleration threshold: 4
[  4928.103] (II) event6  - MOSART Semi. 2.4G RF Keyboard & Mouse: is tagged by udev as: Mouse
[  4928.103] (II) event6  - MOSART Semi. 2.4G RF Keyboard & Mouse: device is a pointer
[  4928.104] (II) config/udev: Adding input device MOSART Semi. 2.4G RF Keyboard & Mouse (/dev/input/mouse0)
[  4928.104] (II) No input driver specified, ignoring this device.
[  4928.104] (II) This device may have been added with another device file.
[  4928.104] (II) config/udev: Adding input device MOSART Semi. 2.4G RF Keyboard & Mouse Consumer Control (/dev/input/event7)
[  4928.104] (**) MOSART Semi. 2.4G RF Keyboard & Mouse Consumer Control: Applying InputClass "libinput keyboard catchall"
[  4928.104] (II) Using input driver 'libinput' for 'MOSART Semi. 2.4G RF Keyboard & Mouse Consumer Control'
[  4928.104] (II) systemd-logind: got fd for /dev/input/event7 13:71 fd 42 paused 0
[  4928.104] (**) MOSART Semi. 2.4G RF Keyboard & Mouse Consumer Control: always reports core events
[  4928.104] (**) Option "Device" "/dev/input/event7"
[  4928.105] (II) event7  - MOSART Semi. 2.4G RF Keyboard & Mouse Consumer Control: is tagged by udev as: Keyboard
[  4928.105] (II) event7  - MOSART Semi. 2.4G RF Keyboard & Mouse Consumer Control: device is a keyboard
[  4928.105] (II) event7  - MOSART Semi. 2.4G RF Keyboard & Mouse Consumer Control: device removed
[  4928.105] (II) libinput: MOSART Semi. 2.4G RF Keyboard & Mouse Consumer Control: needs a virtual subdevice
[  4928.105] (**) Option "config_info" "udev:/sys/devices/pci0000:00/0000:00:14.0/usb1/1-2/1-2:1.1/0003:3938:1032.0002/input/input7/event7"
[  4928.105] (II) XINPUT: Adding extended input device "MOSART Semi. 2.4G RF Keyboard & Mouse Consumer Control" (type: MOUSE, id 14)
[  4928.105] (**) Option "AccelerationScheme" "none"
[  4928.105] (**) MOSART Semi. 2.4G RF Keyboard & Mouse Consumer Control: (accel) selected scheme none/0
[  4928.105] (**) MOSART Semi. 2.4G RF Keyboard & Mouse Consumer Control: (accel) acceleration factor: 2.000
[  4928.105] (**) MOSART Semi. 2.4G RF Keyboard & Mouse Consumer Control: (accel) acceleration threshold: 4
[  4928.106] (II) event7  - MOSART Semi. 2.4G RF Keyboard & Mouse Consumer Control: is tagged by udev as: Keyboard
[  4928.106] (II) event7  - MOSART Semi. 2.4G RF Keyboard & Mouse Consumer Control: device is a keyboard
[  4928.106] (II) config/udev: Adding input device MOSART Semi. 2.4G RF Keyboard & Mouse System Control (/dev/input/event8)
[  4928.106] (**) MOSART Semi. 2.4G RF Keyboard & Mouse System Control: Applying InputClass "libinput keyboard catchall"
[  4928.106] (II) Using input driver 'libinput' for 'MOSART Semi. 2.4G RF Keyboard & Mouse System Control'
[  4928.107] (II) systemd-logind: got fd for /dev/input/event8 13:72 fd 43 paused 0
[  4928.107] (**) MOSART Semi. 2.4G RF Keyboard & Mouse System Control: always reports core events
[  4928.107] (**) Option "Device" "/dev/input/event8"
[  4928.107] (II) event8  - MOSART Semi. 2.4G RF Keyboard & Mouse System Control: is tagged by udev as: Keyboard
[  4928.107] (II) event8  - MOSART Semi. 2.4G RF Keyboard & Mouse System Control: device is a keyboard
[  4928.107] (II) event8  - MOSART Semi. 2.4G RF Keyboard & Mouse System Control: device removed
[  4928.107] (**) Option "config_info" "udev:/sys/devices/pci0000:00/0000:00:14.0/usb1/1-2/1-2:1.1/0003:3938:1032.0002/input/input8/event8"
[  4928.107] (II) XINPUT: Adding extended input device "MOSART Semi. 2.4G RF Keyboard & Mouse System Control" (type: KEYBOARD, id 15)
[  4928.108] (II) event8  - MOSART Semi. 2.4G RF Keyboard & Mouse System Control: is tagged by udev as: Keyboard
[  4928.108] (II) event8  - MOSART Semi. 2.4G RF Keyboard & Mouse System Control: device is a keyboard
[  4928.109] (II) config/udev: Adding input device USB2.0 HD UVC WebCam: USB2.0 HD (/dev/input/event16)
[  4928.109] (**) USB2.0 HD UVC WebCam: USB2.0 HD: Applying InputClass "libinput keyboard catchall"
[  4928.109] (II) Using input driver 'libinput' for 'USB2.0 HD UVC WebCam: USB2.0 HD'
[  4928.109] (II) systemd-logind: got fd for /dev/input/event16 13:80 fd 44 paused 0
[  4928.109] (**) USB2.0 HD UVC WebCam: USB2.0 HD: always reports core events
[  4928.109] (**) Option "Device" "/dev/input/event16"
[  4928.110] (II) event16 - USB2.0 HD UVC WebCam: USB2.0 HD: is tagged by udev as: Keyboard
[  4928.110] (II) event16 - USB2.0 HD UVC WebCam: USB2.0 HD: device is a keyboard
[  4928.110] (II) event16 - USB2.0 HD UVC WebCam: USB2.0 HD: device removed
[  4928.110] (**) Option "config_info" "udev:/sys/devices/pci0000:00/0000:00:14.0/usb1/1-7/1-7:1.0/input/input21/event16"
[  4928.110] (II) XINPUT: Adding extended input device "USB2.0 HD UVC WebCam: USB2.0 HD" (type: KEYBOARD, id 16)
[  4928.110] (II) event16 - USB2.0 HD UVC WebCam: USB2.0 HD: is tagged by udev as: Keyboard
[  4928.110] (II) event16 - USB2.0 HD UVC WebCam: USB2.0 HD: device is a keyboard
[  4928.111] (II) config/udev: Adding input device ELAN1203:00 04F3:307A Mouse (/dev/input/event14)
[  4928.111] (**) ELAN1203:00 04F3:307A Mouse: Applying InputClass "libinput pointer catchall"
[  4928.111] (II) Using input driver 'libinput' for 'ELAN1203:00 04F3:307A Mouse'
[  4928.111] (II) systemd-logind: got fd for /dev/input/event14 13:78 fd 45 paused 0
[  4928.111] (**) ELAN1203:00 04F3:307A Mouse: always reports core events
[  4928.111] (**) Option "Device" "/dev/input/event14"
[  4928.112] (II) event14 - ELAN1203:00 04F3:307A Mouse: is tagged by udev as: Mouse Pointingstick
[  4928.112] (II) event14 - ELAN1203:00 04F3:307A Mouse: device is a pointer
[  4928.112] (II) event14 - ELAN1203:00 04F3:307A Mouse: device removed
[  4928.112] (**) Option "config_info" "udev:/sys/devices/pci0000:00/0000:00:15.0/i2c_designware.0/i2c-23/i2c-ELAN1203:00/0018:04F3:307A.0003/input/input23/event14"
[  4928.112] (II) XINPUT: Adding extended input device "ELAN1203:00 04F3:307A Mouse" (type: MOUSE, id 17)
[  4928.112] (**) Option "AccelerationScheme" "none"
[  4928.112] (**) ELAN1203:00 04F3:307A Mouse: (accel) selected scheme none/0
[  4928.112] (**) ELAN1203:00 04F3:307A Mouse: (accel) acceleration factor: 2.000
[  4928.112] (**) ELAN1203:00 04F3:307A Mouse: (accel) acceleration threshold: 4
[  4928.113] (II) event14 - ELAN1203:00 04F3:307A Mouse: is tagged by udev as: Mouse Pointingstick
[  4928.113] (II) event14 - ELAN1203:00 04F3:307A Mouse: device is a pointer
[  4928.114] (II) config/udev: Adding input device ELAN1203:00 04F3:307A Mouse (/dev/input/mouse1)
[  4928.114] (II) No input driver specified, ignoring this device.
[  4928.114] (II) This device may have been added with another device file.
[  4928.114] (II) config/udev: Adding input device ELAN1203:00 04F3:307A Touchpad (/dev/input/event15)
[  4928.114] (**) ELAN1203:00 04F3:307A Touchpad: Applying InputClass "libinput touchpad catchall"
[  4928.114] (**) ELAN1203:00 04F3:307A Touchpad: Applying InputClass "touchpad"
[  4928.114] (II) Using input driver 'libinput' for 'ELAN1203:00 04F3:307A Touchpad'
[  4928.114] (II) systemd-logind: got fd for /dev/input/event15 13:79 fd 46 paused 0
[  4928.114] (**) ELAN1203:00 04F3:307A Touchpad: always reports core events
[  4928.114] (**) Option "Device" "/dev/input/event15"
[  4928.115] (II) event15 - ELAN1203:00 04F3:307A Touchpad: is tagged by udev as: Touchpad
[  4928.115] (II) event15 - ELAN1203:00 04F3:307A Touchpad: device is a touchpad
[  4928.115] (II) event15 - ELAN1203:00 04F3:307A Touchpad: device removed
[  4928.115] (**) Option "Tapping" "on"
[  4928.115] (**) Option "TappingButtonMap" "lmr"
[  4928.116] (**) Option "config_info" "udev:/sys/devices/pci0000:00/0000:00:15.0/i2c_designware.0/i2c-23/i2c-ELAN1203:00/0018:04F3:307A.0003/input/input24/event15"
[  4928.116] (II) XINPUT: Adding extended input device "ELAN1203:00 04F3:307A Touchpad" (type: TOUCHPAD, id 18)
[  4928.116] (**) Option "AccelerationScheme" "none"
[  4928.116] (**) ELAN1203:00 04F3:307A Touchpad: (accel) selected scheme none/0
[  4928.116] (**) ELAN1203:00 04F3:307A Touchpad: (accel) acceleration factor: 2.000
[  4928.116] (**) ELAN1203:00 04F3:307A Touchpad: (accel) acceleration threshold: 4
[  4928.116] (II) event15 - ELAN1203:00 04F3:307A Touchpad: is tagged by udev as: Touchpad
[  4928.117] (II) event15 - ELAN1203:00 04F3:307A Touchpad: device is a touchpad
[  4928.117] (II) config/udev: Adding input device ELAN1203:00 04F3:307A Touchpad (/dev/input/mouse2)
[  4928.117] (**) ELAN1203:00 04F3:307A Touchpad: Applying InputClass "touchpad"
[  4928.117] (II) Using input driver 'libinput' for 'ELAN1203:00 04F3:307A Touchpad'
[  4928.117] (**) ELAN1203:00 04F3:307A Touchpad: always reports core events
[  4928.117] (**) Option "Device" "/dev/input/mouse2"
[  4928.158] (II) mouse2  - not using input device '/dev/input/mouse2'.
[  4928.158] (EE) libinput: ELAN1203:00 04F3:307A Touchpad: Failed to create a device for /dev/input/mouse2
[  4928.158] (EE) PreInit returned 2 for "ELAN1203:00 04F3:307A Touchpad"
[  4928.158] (II) UnloadModule: "libinput"
[  4928.158] (II) config/udev: Adding input device HDA Intel PCH Headphone (/dev/input/event22)
[  4928.158] (II) No input driver specified, ignoring this device.
[  4928.158] (II) This device may have been added with another device file.
[  4928.158] (II) config/udev: Adding input device HDA Intel PCH HDMI/DP,pcm=3 (/dev/input/event23)
[  4928.158] (II) No input driver specified, ignoring this device.
[  4928.158] (II) This device may have been added with another device file.
[  4928.159] (II) config/udev: Adding input device HDA Intel PCH HDMI/DP,pcm=7 (/dev/input/event24)
[  4928.159] (II) No input driver specified, ignoring this device.
[  4928.159] (II) This device may have been added with another device file.
[  4928.159] (II) config/udev: Adding input device HDA Intel PCH HDMI/DP,pcm=8 (/dev/input/event25)
[  4928.159] (II) No input driver specified, ignoring this device.
[  4928.159] (II) This device may have been added with another device file.
[  4928.159] (II) config/udev: Adding input device Asus WMI hotkeys (/dev/input/event17)
[  4928.159] (**) Asus WMI hotkeys: Applying InputClass "libinput keyboard catchall"
[  4928.159] (II) Using input driver 'libinput' for 'Asus WMI hotkeys'
[  4928.160] (II) systemd-logind: got fd for /dev/input/event17 13:81 fd 47 paused 0
[  4928.160] (**) Asus WMI hotkeys: always reports core events
[  4928.160] (**) Option "Device" "/dev/input/event17"
[  4928.160] (II) event17 - Asus WMI hotkeys: is tagged by udev as: Keyboard
[  4928.160] (II) event17 - Asus WMI hotkeys: device is a keyboard
[  4928.160] (II) event17 - Asus WMI hotkeys: device removed
[  4928.160] (**) Option "config_info" "udev:/sys/devices/platform/asus-nb-wmi/input/input22/event17"
[  4928.160] (II) XINPUT: Adding extended input device "Asus WMI hotkeys" (type: KEYBOARD, id 19)
[  4928.161] (II) event17 - Asus WMI hotkeys: is tagged by udev as: Keyboard
[  4928.161] (II) event17 - Asus WMI hotkeys: device is a keyboard
[  4928.161] (II) config/udev: Adding input device AT Translated Set 2 keyboard (/dev/input/event4)
[  4928.161] (**) AT Translated Set 2 keyboard: Applying InputClass "libinput keyboard catchall"
[  4928.161] (II) Using input driver 'libinput' for 'AT Translated Set 2 keyboard'
[  4928.162] (II) systemd-logind: got fd for /dev/input/event4 13:68 fd 48 paused 0
[  4928.162] (**) AT Translated Set 2 keyboard: always reports core events
[  4928.162] (**) Option "Device" "/dev/input/event4"
[  4928.162] (II) event4  - AT Translated Set 2 keyboard: is tagged by udev as: Keyboard
[  4928.162] (II) event4  - AT Translated Set 2 keyboard: device is a keyboard
[  4928.163] (II) event4  - AT Translated Set 2 keyboard: device removed
[  4928.163] (**) Option "config_info" "udev:/sys/devices/platform/i8042/serio0/input/input4/event4"
[  4928.163] (II) XINPUT: Adding extended input device "AT Translated Set 2 keyboard" (type: KEYBOARD, id 20)
[  4928.164] (II) event4  - AT Translated Set 2 keyboard: is tagged by udev as: Keyboard
[  4928.164] (II) event4  - AT Translated Set 2 keyboard: device is a keyboard
[  4928.165] (II) config/udev: Adding input device PC Speaker (/dev/input/event13)
[  4928.165] (II) No input driver specified, ignoring this device.
[  4928.165] (II) This device may have been added with another device file.
[  4928.182] (**) MOSART Semi. 2.4G RF Keyboard & Mouse Consumer Control: Applying InputClass "libinput keyboard catchall"
[  4928.182] (II) Using input driver 'libinput' for 'MOSART Semi. 2.4G RF Keyboard & Mouse Consumer Control'
[  4928.182] (II) systemd-logind: returning pre-existing fd for /dev/input/event7 13:71
[  4928.182] (**) MOSART Semi. 2.4G RF Keyboard & Mouse Consumer Control: always reports core events
[  4928.182] (**) Option "Device" "/dev/input/event7"
[  4928.183] (II) libinput: MOSART Semi. 2.4G RF Keyboard & Mouse Consumer Control: is a virtual subdevice
[  4928.183] (**) Option "config_info" "udev:/sys/devices/pci0000:00/0000:00:14.0/usb1/1-2/1-2:1.1/0003:3938:1032.0002/input/input7/event7"
[  4928.183] (II) XINPUT: Adding extended input device "MOSART Semi. 2.4G RF Keyboard & Mouse Consumer Control" (type: KEYBOARD, id 21)
[  4992.426] (EE) event15 - ELAN1203:00 04F3:307A Touchpad: kernel bug: Touch jump detected and discarded.
See https://wayland.freedesktop.org/libinput/doc/1.22.0/touchpad-jumping-cursors.html for details
[  5028.796] (EE) event15 - ELAN1203:00 04F3:307A Touchpad: kernel bug: Touch jump detected and discarded.
See https://wayland.freedesktop.org/libinput/doc/1.22.0/touchpad-jumping-cursors.html for details
[  5034.239] (EE) event15 - ELAN1203:00 04F3:307A Touchpad: kernel bug: Touch jump detected and discarded.
See https://wayland.freedesktop.org/libinput/doc/1.22.0/touchpad-jumping-cursors.html for details
[  5041.098] (EE) event15 - ELAN1203:00 04F3:307A Touchpad: kernel bug: Touch jump detected and discarded.
See https://wayland.freedesktop.org/libinput/doc/1.22.0/touchpad-jumping-cursors.html for details
[  5041.679] (EE) event15 - ELAN1203:00 04F3:307A Touchpad: kernel bug: Touch jump detected and discarded.
See https://wayland.freedesktop.org/libinput/doc/1.22.0/touchpad-jumping-cursors.html for details
[  5041.679] (EE) event15 - ELAN1203:00 04F3:307A Touchpad: WARNING: log rate limit exceeded (5 msgs per 24h). Discarding future messages.
[  5320.430] (**) Option "fd" "32"
[  5320.430] (II) event3  - Power Button: device removed
[  5320.430] (**) Option "fd" "35"
[  5320.430] (II) event12 - Asus Wireless Radio Control: device removed
[  5320.430] (**) Option "fd" "36"
[  5320.430] (II) event10 - Video Bus: device removed
[  5320.430] (**) Option "fd" "37"
[  5320.430] (II) event11 - Video Bus: device removed
[  5320.430] (**) Option "fd" "38"
[  5320.430] (II) event2  - Power Button: device removed
[  5320.430] (**) Option "fd" "39"
[  5320.430] (II) event0  - Sleep Button: device removed
[  5320.430] (**) Option "fd" "40"
[  5320.430] (II) event5  - MOSART Semi. 2.4G RF Keyboard & Mouse: device removed
[  5320.430] (**) Option "fd" "41"
[  5320.430] (II) event6  - MOSART Semi. 2.4G RF Keyboard & Mouse: device removed
[  5320.430] (**) Option "fd" "42"
[  5320.430] (**) Option "fd" "43"
[  5320.430] (II) event8  - MOSART Semi. 2.4G RF Keyboard & Mouse System Control: device removed
[  5320.430] (**) Option "fd" "44"
[  5320.430] (II) event16 - USB2.0 HD UVC WebCam: USB2.0 HD: device removed
[  5320.430] (**) Option "fd" "45"
[  5320.430] (II) event14 - ELAN1203:00 04F3:307A Mouse: device removed
[  5320.430] (**) Option "fd" "46"
[  5320.430] (II) event15 - ELAN1203:00 04F3:307A Touchpad: device removed
[  5320.430] (**) Option "fd" "47"
[  5320.430] (II) event17 - Asus WMI hotkeys: device removed
[  5320.430] (**) Option "fd" "48"
[  5320.430] (II) event4  - AT Translated Set 2 keyboard: device removed
[  5320.430] (**) Option "fd" "42"
[  5320.430] (II) event7  - MOSART Semi. 2.4G RF Keyboard & Mouse Consumer Control: device removed
[  5320.437] (II) UnloadModule: "libinput"
[  5320.437] (II) systemd-logind: not releasing fd for 13:71, still in use
[  5320.437] (II) UnloadModule: "libinput"
[  5320.437] (II) systemd-logind: releasing fd for 13:68
[  5320.468] (II) UnloadModule: "libinput"
[  5320.468] (II) systemd-logind: releasing fd for 13:81
[  5320.551] (II) UnloadModule: "libinput"
[  5320.551] (II) systemd-logind: releasing fd for 13:79
[  5320.584] (II) UnloadModule: "libinput"
[  5320.585] (II) systemd-logind: releasing fd for 13:78
[  5320.618] (II) UnloadModule: "libinput"
[  5320.618] (II) systemd-logind: releasing fd for 13:80
[  5320.654] (II) UnloadModule: "libinput"
[  5320.655] (II) systemd-logind: releasing fd for 13:72
[  5320.674] (II) UnloadModule: "libinput"
[  5320.675] (II) systemd-logind: releasing fd for 13:71
[  5320.701] (II) UnloadModule: "libinput"
[  5320.701] (II) systemd-logind: releasing fd for 13:70
[  5320.764] (II) UnloadModule: "libinput"
[  5320.765] (II) systemd-logind: releasing fd for 13:69
[  5320.784] (II) UnloadModule: "libinput"
[  5320.785] (II) systemd-logind: releasing fd for 13:64
[  5320.801] (II) UnloadModule: "libinput"
[  5320.801] (II) systemd-logind: releasing fd for 13:66
[  5320.818] (II) UnloadModule: "libinput"
[  5320.818] (II) systemd-logind: releasing fd for 13:75
[  5320.851] (II) UnloadModule: "libinput"
[  5320.851] (II) systemd-logind: releasing fd for 13:74
[  5320.884] (II) UnloadModule: "libinput"
[  5320.885] (II) systemd-logind: releasing fd for 13:76
[  5320.919] (II) UnloadModule: "libinput"
[  5320.919] (II) systemd-logind: releasing fd for 13:67
[  5321.700] (II) Server terminated successfully (0). Closing log file.
