2023-01-06 16:39:32.790 [info] [perf] Render performance baseline is 37ms
2023-01-06 16:39:42.450 [error] Error: Unable to read file '/sys/devices/pci0000:00/0000:00:1d.5/0000:03:00.0/net/wlp3s0/speed' (Unknown (FileSystemError): An unknown error occurred. Please consult the log for more details.)
    at Object.error (vscode-file://vscode-app/usr/lib/code/out/vs/workbench/workbench.desktop.main.js:616:16758)
    at Object.onError (vscode-file://vscode-app/usr/lib/code/out/vs/workbench/workbench.desktop.main.js:67:45267)
    at vscode-file://vscode-app/usr/lib/code/out/vs/workbench/workbench.desktop.main.js:67:44362
    at vscode-file://vscode-app/usr/lib/code/out/vs/workbench/workbench.desktop.main.js:67:42842
    at Array.forEach (<anonymous>)
    at y.h (vscode-file://vscode-app/usr/lib/code/out/vs/workbench/workbench.desktop.main.js:67:42831)
    at y.error (vscode-file://vscode-app/usr/lib/code/out/vs/workbench/workbench.desktop.main.js:67:42571)
    at vscode-file://vscode-app/usr/lib/code/out/vs/workbench/workbench.desktop.main.js:610:28357
    at u.invoke (vscode-file://vscode-app/usr/lib/code/out/vs/workbench/workbench.desktop.main.js:85:145)
    at s.deliver (vscode-file://vscode-app/usr/lib/code/out/vs/workbench/workbench.desktop.main.js:85:2029)
    at d.fire (vscode-file://vscode-app/usr/lib/code/out/vs/workbench/workbench.desktop.main.js:85:1667)
    at Q (vscode-file://vscode-app/usr/lib/code/out/vs/workbench/workbench.desktop.main.js:550:791)
    at T.s (vscode-file://vscode-app/usr/lib/code/out/vs/workbench/workbench.desktop.main.js:550:1575)
    at T.r (vscode-file://vscode-app/usr/lib/code/out/vs/workbench/workbench.desktop.main.js:550:1469)
    at vscode-file://vscode-app/usr/lib/code/out/vs/workbench/workbench.desktop.main.js:549:1347
    at u.invoke (vscode-file://vscode-app/usr/lib/code/out/vs/workbench/workbench.desktop.main.js:85:145)
    at s.deliver (vscode-file://vscode-app/usr/lib/code/out/vs/workbench/workbench.desktop.main.js:85:2029)
    at d.fire (vscode-file://vscode-app/usr/lib/code/out/vs/workbench/workbench.desktop.main.js:85:1667)
    at EventEmitter.ae (vscode-file://vscode-app/usr/lib/code/out/vs/workbench/workbench.desktop.main.js:83:25891)
    at EventEmitter.emit (node:events:526:28)
    at Object.onMessage (node:electron/js2c/renderer_init:69:755)
2023-01-06 16:40:18.740 [error] Error: Unable to read file '/sys/devices/pci0000:00/0000:00:1d.5/0000:03:00.0/net/wlp3s0/phys_switch_id' (Unknown (FileSystemError): An unknown error occurred. Please consult the log for more details.)
    at Object.error (vscode-file://vscode-app/usr/lib/code/out/vs/workbench/workbench.desktop.main.js:616:16758)
    at Object.onError (vscode-file://vscode-app/usr/lib/code/out/vs/workbench/workbench.desktop.main.js:67:45267)
    at vscode-file://vscode-app/usr/lib/code/out/vs/workbench/workbench.desktop.main.js:67:44362
    at vscode-file://vscode-app/usr/lib/code/out/vs/workbench/workbench.desktop.main.js:67:42842
    at Array.forEach (<anonymous>)
    at y.h (vscode-file://vscode-app/usr/lib/code/out/vs/workbench/workbench.desktop.main.js:67:42831)
    at y.error (vscode-file://vscode-app/usr/lib/code/out/vs/workbench/workbench.desktop.main.js:67:42571)
    at vscode-file://vscode-app/usr/lib/code/out/vs/workbench/workbench.desktop.main.js:610:28357
    at u.invoke (vscode-file://vscode-app/usr/lib/code/out/vs/workbench/workbench.desktop.main.js:85:145)
    at s.deliver (vscode-file://vscode-app/usr/lib/code/out/vs/workbench/workbench.desktop.main.js:85:2029)
    at d.fire (vscode-file://vscode-app/usr/lib/code/out/vs/workbench/workbench.desktop.main.js:85:1667)
    at Q (vscode-file://vscode-app/usr/lib/code/out/vs/workbench/workbench.desktop.main.js:550:791)
    at T.s (vscode-file://vscode-app/usr/lib/code/out/vs/workbench/workbench.desktop.main.js:550:1575)
    at T.r (vscode-file://vscode-app/usr/lib/code/out/vs/workbench/workbench.desktop.main.js:550:1469)
    at vscode-file://vscode-app/usr/lib/code/out/vs/workbench/workbench.desktop.main.js:549:1347
    at u.invoke (vscode-file://vscode-app/usr/lib/code/out/vs/workbench/workbench.desktop.main.js:85:145)
    at s.deliver (vscode-file://vscode-app/usr/lib/code/out/vs/workbench/workbench.desktop.main.js:85:2029)
    at d.fire (vscode-file://vscode-app/usr/lib/code/out/vs/workbench/workbench.desktop.main.js:85:1667)
    at EventEmitter.ae (vscode-file://vscode-app/usr/lib/code/out/vs/workbench/workbench.desktop.main.js:83:25891)
    at EventEmitter.emit (node:events:526:28)
    at Object.onMessage (node:electron/js2c/renderer_init:69:755)
2023-01-06 16:40:52.120 [warning] [backup tracker] suspended, ignoring dirty change event file:///sys/devices/pci0000%3A00/0000%3A00%3A1d.5/0000%3A03%3A00.0/net/wlp3s0/tx_queue_len 
