{"logTime": "0106/104311", "correlationVector":"AuZ+dXcD6Y92F/dAveFFzK.0","action":"FeedSettingFetch_homeCloud", "result":"0", "context":{}}
{"logTime": "0106/104314", "correlationVector":"AuZ+dXcD6Y92F/dAveFFzK.0","action":"SyncServerConnectionManagerRequest", "result":"SYNC_SERVER_OK", "context":{"environment":"", "server":""}}
{"logTime": "0106/104314", "correlationVector":"vnXYTbE+oE3c6ZfBoArH7T.1","action":"SyncServerConnectionManagerRequest", "result":"SYNC_SERVER_OK", "context":{"environment":"Prod_SoutheastAsia_000j", "server":"GENERAL0100000N"}}
{"logTime": "0106/104314", "correlationVector":"vnXYTbE+oE3c6ZfBoArH7T","action":"Initial GetUpdates", "result":"", "context":Reason: NEW_CLIENT. cV=vnXYTbE+oE3c6ZfBoArH7T}
{"logTime": "0106/104314", "correlationVector":"vnXYTbE+oE3c6ZfBoArH7T.2","action":"GetUpdates Response", "result":"SYNCER_OK", "context":Received 1 update(s). cV=vnXYTbE+oE3c6ZfBoArH7T.0;server=GENERAL0100000N;cloudType=Consumer;environment=Prod_SoutheastAsia_000j}
{"logTime": "0106/104315", "correlationVector":"56u43OebLRn8l2BysV1FJl","action":"Initial GetUpdates", "result":"", "context":Reason: NEW_CLIENT. cV=56u43OebLRn8l2BysV1FJl}
{"logTime": "0106/104315", "correlationVector":"56u43OebLRn8l2BysV1FJl.1","action":"SyncServerConnectionManagerRequest", "result":"SYNC_SERVER_OK", "context":{"environment":"Prod_SoutheastAsia_000j", "server":"GENERAL0100000Z"}}
{"logTime": "0106/104315", "correlationVector":"56u43OebLRn8l2BysV1FJl.2","action":"GetUpdates Response", "result":"SYNCER_OK", "context":Received 52 update(s). cV=56u43OebLRn8l2BysV1FJl.0;server=GENERAL0100000Z;cloudType=Consumer;environment=Prod_SoutheastAsia_000j}
{"logTime": "0106/104315", "correlationVector":"pkoNckUI2Qfv1h431Azn49","action":"Initial GetUpdates", "result":"", "context":Reason: NEW_CLIENT. cV=pkoNckUI2Qfv1h431Azn49}
{"logTime": "0106/104315", "correlationVector":"pkoNckUI2Qfv1h431Azn49.1","action":"SyncServerConnectionManagerRequest", "result":"SYNC_SERVER_OK", "context":{"environment":"Prod_SoutheastAsia_000j", "server":"GENERAL0100000C"}}
{"logTime": "0106/104315", "correlationVector":"pkoNckUI2Qfv1h431Azn49.2","action":"GetUpdates Response", "result":"SYNCER_OK", "context":Received 133 update(s). cV=pkoNckUI2Qfv1h431Azn49.0;server=GENERAL0100000C;cloudType=Consumer;environment=Prod_SoutheastAsia_000j}
{"logTime": "0106/104315", "correlationVector":"IDvZz5MUdGGk7a4oDgadmy","action":"Initial GetUpdates", "result":"", "context":Reason: NEW_CLIENT. cV=IDvZz5MUdGGk7a4oDgadmy}
{"logTime": "0106/104316", "correlationVector":"IDvZz5MUdGGk7a4oDgadmy.1","action":"SyncServerConnectionManagerRequest", "result":"SYNC_SERVER_OK", "context":{"environment":"Prod_SoutheastAsia_000j", "server":"GENERAL01000015"}}
{"logTime": "0106/104316", "correlationVector":"IDvZz5MUdGGk7a4oDgadmy.2","action":"GetUpdates Response", "result":"SERVER_MORE_TO_DOWNLOAD", "context":Received 148 update(s).  Some updates remain.}
{"logTime": "0106/104316", "correlationVector":"9sCueC1S3xu7djHFiI9wIn","action":"Initial GetUpdates", "result":"", "context":Reason: NEW_CLIENT. cV=9sCueC1S3xu7djHFiI9wIn}
{"logTime": "0106/104316", "correlationVector":"9sCueC1S3xu7djHFiI9wIn.1","action":"SyncServerConnectionManagerRequest", "result":"SYNC_SERVER_OK", "context":{"environment":"Prod_SoutheastAsia_000j", "server":"GENERAL0100000S"}}
{"logTime": "0106/104316", "correlationVector":"9sCueC1S3xu7djHFiI9wIn.2","action":"GetUpdates Response", "result":"SYNCER_OK", "context":Received 2 update(s). cV=9sCueC1S3xu7djHFiI9wIn.0;server=GENERAL0100000S;cloudType=Consumer;environment=Prod_SoutheastAsia_000j}
{"logTime": "0106/104316", "correlationVector":"AymCsE28WjdR1w8hBzaFjf","action":"Normal GetUpdate request", "result":"", "context":cV=AymCsE28WjdR1w8hBzaFjf
Nudged types: Bookmarks, Sessions, Device Info, User Consents
Refresh requested types: Bookmarks, Preferences, Passwords, Autofill Profiles, Autofill, Autofill Custom Data, Typed URLs, Extensions, Sessions, Extension settings, History Delete Directives, Device Info, User Consents, Send Tab To Self, Collection, Encryption Keys}
{"logTime": "0106/104316", "correlationVector":"AymCsE28WjdR1w8hBzaFjf.1","action":"SyncServerConnectionManagerRequest", "result":"SYNC_SERVER_OK", "context":{"environment":"Prod_SoutheastAsia_000j", "server":"GENERAL0100000G"}}
{"logTime": "0106/104316", "correlationVector":"AymCsE28WjdR1w8hBzaFjf.2","action":"GetUpdates Response", "result":"SYNCER_OK", "context":Received 0 update(s). cV=AymCsE28WjdR1w8hBzaFjf.0;server=GENERAL0100000G;cloudType=Consumer;environment=Prod_SoutheastAsia_000j}
{"logTime": "0106/104316", "correlationVector":"GdU7an3qg1bmwWtpy8WnQf","action":"Commit Request", "result":"", "context":Item count: 1
Contributing types: Device Info}
{"logTime": "0106/104317", "correlationVector":"GdU7an3qg1bmwWtpy8WnQf.1","action":"SyncServerConnectionManagerRequest", "result":"SYNC_SERVER_OK", "context":{"environment":"Prod_SoutheastAsia_000j", "server":"GENERAL01000017"}}
{"logTime": "0106/104317", "correlationVector":"GdU7an3qg1bmwWtpy8WnQf.2","action":"Commit Response", "result":"SYNCER_OK", "context":Result: SYNCER_OK. cV=GdU7an3qg1bmwWtpy8WnQf.0;server=GENERAL01000017;cloudType=Consumer;environment=Prod_SoutheastAsia_000j}
{"logTime": "0106/104317", "correlationVector":"CaaPzRfMbraghTwuRwxeNy","action":"Commit Request", "result":"", "context":Item count: 8
Contributing types: Bookmarks, Sessions, User Consents}
{"logTime": "0106/104318", "correlationVector":"CaaPzRfMbraghTwuRwxeNy.1","action":"SyncServerConnectionManagerRequest", "result":"SYNC_SERVER_OK", "context":{"environment":"Prod_SoutheastAsia_000j", "server":"GENERAL01000015"}}
{"logTime": "0106/104318", "correlationVector":"CaaPzRfMbraghTwuRwxeNy.2","action":"Commit Response", "result":"SYNCER_OK", "context":Result: SYNCER_OK. cV=CaaPzRfMbraghTwuRwxeNy.0;server=GENERAL01000015;cloudType=Consumer;environment=Prod_SoutheastAsia_000j}
{"logTime": "0106/104318", "correlationVector":"GB7tHgtXSzPUdqSLgFvsyi","action":"Commit Request", "result":"", "context":Item count: 1
Contributing types: Sessions}
{"logTime": "0106/104319", "correlationVector":"GB7tHgtXSzPUdqSLgFvsyi.1","action":"SyncServerConnectionManagerRequest", "result":"SYNC_SERVER_OK", "context":{"environment":"Prod_SoutheastAsia_000j", "server":"GENERAL01000018"}}
{"logTime": "0106/104319", "correlationVector":"GB7tHgtXSzPUdqSLgFvsyi.2","action":"Commit Response", "result":"SYNCER_OK", "context":Result: SYNCER_OK. cV=GB7tHgtXSzPUdqSLgFvsyi.0;server=GENERAL01000018;cloudType=Consumer;environment=Prod_SoutheastAsia_000j}
{"logTime": "0106/104354", "correlationVector":"eFJXlwuSZHBH3nAgWL9FIp.0","action":"FeedSettingFetch_homeCloud", "result":"0", "context":{}}
{"logTime": "0106/104354", "correlationVector":"XWSxzK09c9AlEsXAh0SHvT","action":"Initial GetUpdates", "result":"", "context":Reason: NEWLY_SUPPORTED_DATATYPE. cV=XWSxzK09c9AlEsXAh0SHvT}
{"logTime": "0106/104354", "correlationVector":"XWSxzK09c9AlEsXAh0SHvT.1","action":"SyncServerConnectionManagerRequest", "result":"SYNC_SERVER_OK", "context":{"environment":"Prod_SoutheastAsia_000j", "server":"GENERAL0100000S"}}
{"logTime": "0106/104354", "correlationVector":"XWSxzK09c9AlEsXAh0SHvT.2","action":"GetUpdates Response", "result":"SYNCER_OK", "context":Received 0 update(s). cV=XWSxzK09c9AlEsXAh0SHvT.0;server=GENERAL0100000S;cloudType=Consumer;environment=Prod_SoutheastAsia_000j}
{"logTime": "0106/104354", "correlationVector":"4BVXdX3TnbF5RFZNUfRYiB","action":"Normal GetUpdate request", "result":"", "context":cV=4BVXdX3TnbF5RFZNUfRYiB
Nudged types: Sessions, Device Info
Refresh requested types: Bookmarks, Preferences, Passwords, Autofill Profiles, Autofill, Autofill Custom Data, Typed URLs, Extensions, Sessions, Extension settings, History Delete Directives, Device Info, User Consents, Send Tab To Self, Web Apps, Collection, Encryption Keys}
{"logTime": "0106/104354", "correlationVector":"4BVXdX3TnbF5RFZNUfRYiB.1","action":"SyncServerConnectionManagerRequest", "result":"SYNC_SERVER_OK", "context":{"environment":"Prod_SoutheastAsia_000j", "server":"GENERAL01000019"}}
{"logTime": "0106/104354", "correlationVector":"4BVXdX3TnbF5RFZNUfRYiB.2","action":"GetUpdates Response", "result":"SERVER_MORE_TO_DOWNLOAD", "context":Received 1 update(s).  Some updates remain.}
{"logTime": "0106/104354", "correlationVector":"3xw5YLMqdywHcHF9RFhwOg","action":"Normal GetUpdate request", "result":"", "context":cV=3xw5YLMqdywHcHF9RFhwOg
Nudged types: Sessions, Device Info
Refresh requested types: Bookmarks, Preferences, Passwords, Autofill Profiles, Autofill, Autofill Custom Data, Typed URLs, Extensions, Sessions, Extension settings, History Delete Directives, Device Info, User Consents, Send Tab To Self, Web Apps, Collection, Encryption Keys}
{"logTime": "0106/104354", "correlationVector":"3xw5YLMqdywHcHF9RFhwOg.1","action":"SyncServerConnectionManagerRequest", "result":"SYNC_SERVER_OK", "context":{"environment":"Prod_SoutheastAsia_000j", "server":"GENERAL01000018"}}
{"logTime": "0106/104354", "correlationVector":"3xw5YLMqdywHcHF9RFhwOg.2","action":"GetUpdates", "result":"DeleteReceived", "context":{"id":"337085c2-c42e-4a5f-a9e8-39a89930e709", "isDeleted:":"true", "version":"1671549572909"}}
{"logTime": "0106/104354", "correlationVector":"3xw5YLMqdywHcHF9RFhwOg.3","action":"GetUpdates", "result":"DeleteReceived", "context":{"id":"bbed0418-65cb-4022-ac1a-0d81803782bd", "isDeleted:":"true", "version":"1671549572910"}}
{"logTime": "0106/104354", "correlationVector":"3xw5YLMqdywHcHF9RFhwOg.4","action":"GetUpdates", "result":"DeleteReceived", "context":{"id":"f7163871-7dc5-4c04-80c1-18951171b60c", "isDeleted:":"true", "version":"1671550860786"}}
{"logTime": "0106/104354", "correlationVector":"3xw5YLMqdywHcHF9RFhwOg.5","action":"GetUpdates", "result":"DeleteReceived", "context":{"id":"ca769360-5130-48af-946e-f39e841a24e8", "isDeleted:":"true", "version":"1671553336829"}}
{"logTime": "0106/104354", "correlationVector":"3xw5YLMqdywHcHF9RFhwOg.6","action":"GetUpdates", "result":"DeleteReceived", "context":{"id":"7fc9707a-15e6-4e93-9556-16786488f3f6", "isDeleted:":"true", "version":"1671553359777"}}
{"logTime": "0106/104354", "correlationVector":"3xw5YLMqdywHcHF9RFhwOg.7","action":"GetUpdates", "result":"DeleteReceived", "context":{"id":"3135881f-1b20-49ab-b021-ec0c39e22fe9", "isDeleted:":"true", "version":"1671553491269"}}
{"logTime": "0106/104354", "correlationVector":"3xw5YLMqdywHcHF9RFhwOg.8","action":"GetUpdates", "result":"DeleteReceived", "context":{"id":"cf7d4443-31ab-4d95-884e-81858b38727c", "isDeleted:":"true", "version":"1671553596151"}}
{"logTime": "0106/104354", "correlationVector":"3xw5YLMqdywHcHF9RFhwOg.9","action":"GetUpdates", "result":"DeleteReceived", "context":{"id":"96d6fa5e-155e-42db-b460-f38a334a1f98", "isDeleted:":"true", "version":"1671553608632"}}
{"logTime": "0106/104354", "correlationVector":"3xw5YLMqdywHcHF9RFhwOg.10","action":"GetUpdates", "result":"DeleteReceived", "context":{"id":"cdb53226-69cc-45b5-958f-bae813645cb0", "isDeleted:":"true", "version":"1671553637934"}}
{"logTime": "0106/104354", "correlationVector":"3xw5YLMqdywHcHF9RFhwOg.11","action":"GetUpdates", "result":"DeleteReceived", "context":{"id":"1b8ac603-7bf1-4207-b28d-e4e48c7b275d", "isDeleted:":"true", "version":"1671553755198"}}
{"logTime": "0106/104354", "correlationVector":"3xw5YLMqdywHcHF9RFhwOg.12","action":"GetUpdates", "result":"DeleteReceived", "context":{"id":"8a2ee71e-2ade-4e1e-85c4-1d214a03b9f4", "isDeleted:":"true", "version":"1671553758578"}}
{"logTime": "0106/104354", "correlationVector":"3xw5YLMqdywHcHF9RFhwOg.13","action":"GetUpdates", "result":"DeleteReceived", "context":{"id":"146534a8-8cf3-4410-a76a-8034b2c25a72", "isDeleted:":"true", "version":"1671553880333"}}
{"logTime": "0106/104354", "correlationVector":"3xw5YLMqdywHcHF9RFhwOg.14","action":"GetUpdates", "result":"DeleteReceived", "context":{"id":"be14d333-f321-4f06-bde8-da65e36a17d4", "isDeleted:":"true", "version":"1671554254449"}}
{"logTime": "0106/104354", "correlationVector":"3xw5YLMqdywHcHF9RFhwOg.15","action":"GetUpdates", "result":"DeleteReceived", "context":{"id":"40ad1dca-3836-4cc5-bab2-87cc3456b0c2", "isDeleted:":"true", "version":"1671554293660"}}
{"logTime": "0106/104354", "correlationVector":"3xw5YLMqdywHcHF9RFhwOg.16","action":"GetUpdates", "result":"DeleteReceived", "context":{"id":"b0dbe593-6a7f-4223-a4c7-dcaa9547e771", "isDeleted:":"true", "version":"1671554571098"}}
{"logTime": "0106/104354", "correlationVector":"3xw5YLMqdywHcHF9RFhwOg.17","action":"GetUpdates", "result":"DeleteReceived", "context":{"id":"7fdb51db-ac02-4c31-ab44-0848ed264490", "isDeleted:":"true", "version":"1671555305938"}}
{"logTime": "0106/104354", "correlationVector":"3xw5YLMqdywHcHF9RFhwOg.18","action":"GetUpdates", "result":"DeleteReceived", "context":{"id":"112e06ef-bacd-4c98-8d74-613290810959", "isDeleted:":"true", "version":"1671555305939"}}
{"logTime": "0106/104354", "correlationVector":"3xw5YLMqdywHcHF9RFhwOg.19","action":"GetUpdates", "result":"DeleteReceived", "context":{"id":"61dada78-7686-45ea-a08e-e1e6f54e11d3", "isDeleted:":"true", "version":"1671556737666"}}
{"logTime": "0106/104354", "correlationVector":"3xw5YLMqdywHcHF9RFhwOg.20","action":"GetUpdates", "result":"DeleteReceived", "context":{"id":"175a99ee-34c3-4fd2-b3cc-986bffbfc3ab", "isDeleted:":"true", "version":"1671556737667"}}
{"logTime": "0106/104354", "correlationVector":"3xw5YLMqdywHcHF9RFhwOg.21","action":"GetUpdates", "result":"DeleteReceived", "context":{"id":"06abd203-d48f-4227-a1d5-2d17d754b3f0", "isDeleted:":"true", "version":"1671557276391"}}
{"logTime": "0106/104354", "correlationVector":"3xw5YLMqdywHcHF9RFhwOg.22","action":"GetUpdates", "result":"DeleteReceived", "context":{"id":"06bcca8a-0aa1-4d00-9de8-5803a65b2ec3", "isDeleted:":"true", "version":"1671557791041"}}
{"logTime": "0106/104354", "correlationVector":"3xw5YLMqdywHcHF9RFhwOg.23","action":"GetUpdates", "result":"DeleteReceived", "context":{"id":"b02b9683-b9e4-4d17-aada-f564f7935dd6", "isDeleted:":"true", "version":"1671557791042"}}
{"logTime": "0106/104354", "correlationVector":"3xw5YLMqdywHcHF9RFhwOg.24","action":"GetUpdates", "result":"DeleteReceived", "context":{"id":"1316a03d-738b-4089-8b93-415ce133175f", "isDeleted:":"true", "version":"1671557822652"}}
{"logTime": "0106/104354", "correlationVector":"3xw5YLMqdywHcHF9RFhwOg.25","action":"GetUpdates", "result":"DeleteReceived", "context":{"id":"573fbbf5-aa25-4873-bf4e-944ef41fcf8b", "isDeleted:":"true", "version":"1671558859223"}}
{"logTime": "0106/104354", "correlationVector":"3xw5YLMqdywHcHF9RFhwOg.26","action":"GetUpdates", "result":"DeleteReceived", "context":{"id":"14f336dd-a335-4f27-9f9f-0f07727623d4", "isDeleted:":"true", "version":"1671559352407"}}
{"logTime": "0106/104354", "correlationVector":"3xw5YLMqdywHcHF9RFhwOg.27","action":"GetUpdates", "result":"DeleteReceived", "context":{"id":"d03f9fd5-a57e-4ab8-a384-79379e24bbac", "isDeleted:":"true", "version":"1671560269900"}}
{"logTime": "0106/104354", "correlationVector":"3xw5YLMqdywHcHF9RFhwOg.28","action":"GetUpdates", "result":"DeleteReceived", "context":{"id":"1b73d745-7dbe-48b8-9710-d0f3aacedd05", "isDeleted:":"true", "version":"1671560269901"}}
{"logTime": "0106/104354", "correlationVector":"3xw5YLMqdywHcHF9RFhwOg.29","action":"GetUpdates", "result":"DeleteReceived", "context":{"id":"58cffb06-a974-45d5-a46f-c12ee0e09ec6", "isDeleted:":"true", "version":"1671560269902"}}
{"logTime": "0106/104354", "correlationVector":"3xw5YLMqdywHcHF9RFhwOg.30","action":"GetUpdates", "result":"DeleteReceived", "context":{"id":"5c704b73-e049-442a-b44c-086491cdb1bc", "isDeleted:":"true", "version":"1671562740051"}}
{"logTime": "0106/104354", "correlationVector":"3xw5YLMqdywHcHF9RFhwOg.31","action":"GetUpdates", "result":"DeleteReceived", "context":{"id":"ee682ce7-6693-4961-93d3-18fc8f11589d", "isDeleted:":"true", "version":"1671566162044"}}
{"logTime": "0106/104354", "correlationVector":"3xw5YLMqdywHcHF9RFhwOg.32","action":"GetUpdates", "result":"DeleteReceived", "context":{"id":"7a9761de-b117-4fae-b2f9-92028c63e446", "isDeleted:":"true", "version":"1671566397150"}}
{"logTime": "0106/104354", "correlationVector":"3xw5YLMqdywHcHF9RFhwOg.33","action":"GetUpdates", "result":"DeleteReceived", "context":{"id":"9b1652af-a471-491d-a4f8-456bc54278a2", "isDeleted:":"true", "version":"1671567650921"}}
{"logTime": "0106/104354", "correlationVector":"3xw5YLMqdywHcHF9RFhwOg.34","action":"GetUpdates", "result":"DeleteReceived", "context":{"id":"06e65453-f7cb-4d34-8a37-d45da6bea0ad", "isDeleted:":"true", "version":"1671567921362"}}
{"logTime": "0106/104354", "correlationVector":"3xw5YLMqdywHcHF9RFhwOg.35","action":"GetUpdates", "result":"DeleteReceived", "context":{"id":"b38ea236-e17c-41c9-8469-4789565237d1", "isDeleted:":"true", "version":"1671567921363"}}
{"logTime": "0106/104354", "correlationVector":"3xw5YLMqdywHcHF9RFhwOg.36","action":"GetUpdates", "result":"DeleteReceived", "context":{"id":"b1fa2f11-0873-4652-bf07-feeea9fdaeff", "isDeleted:":"true", "version":"1671567921364"}}
{"logTime": "0106/104354", "correlationVector":"3xw5YLMqdywHcHF9RFhwOg.37","action":"GetUpdates", "result":"DeleteReceived", "context":{"id":"c4249354-538b-4ee1-bbca-338f613a527a", "isDeleted:":"true", "version":"1671568621854"}}
{"logTime": "0106/104354", "correlationVector":"3xw5YLMqdywHcHF9RFhwOg.38","action":"GetUpdates", "result":"DeleteReceived", "context":{"id":"8756f03a-0352-40f8-ad6f-8f6333d099f5", "isDeleted:":"true", "version":"1671571298457"}}
{"logTime": "0106/104354", "correlationVector":"3xw5YLMqdywHcHF9RFhwOg.39","action":"GetUpdates", "result":"DeleteReceived", "context":{"id":"d1005dcf-a681-4c8a-a6d1-3d91e5db5f93", "isDeleted:":"true", "version":"1671571298458"}}
{"logTime": "0106/104354", "correlationVector":"3xw5YLMqdywHcHF9RFhwOg.40","action":"GetUpdates", "result":"DeleteReceived", "context":{"id":"1abd8485-dd67-4d84-a467-b5ee1137da96", "isDeleted:":"true", "version":"1671650925261"}}
{"logTime": "0106/104354", "correlationVector":"3xw5YLMqdywHcHF9RFhwOg.41","action":"GetUpdates", "result":"DeleteReceived", "context":{"id":"23daabe6-bab4-4da8-b098-9c4d931b8d05", "isDeleted:":"true", "version":"1671657455020"}}
{"logTime": "0106/104354", "correlationVector":"3xw5YLMqdywHcHF9RFhwOg.42","action":"GetUpdates", "result":"DeleteReceived", "context":{"id":"23cd4cf7-1f2a-46c6-9791-a1a6fdf48d5d", "isDeleted:":"true", "version":"1671657455021"}}
{"logTime": "0106/104354", "correlationVector":"3xw5YLMqdywHcHF9RFhwOg.43","action":"GetUpdates", "result":"DeleteReceived", "context":{"id":"27da2861-bddf-46cd-b55c-82c18e3a23f8", "isDeleted:":"true", "version":"1671657455022"}}
{"logTime": "0106/104354", "correlationVector":"3xw5YLMqdywHcHF9RFhwOg.44","action":"GetUpdates", "result":"DeleteReceived", "context":{"id":"04a30556-3e51-4a83-ad9a-cf83a8294911", "isDeleted:":"true", "version":"1671660183859"}}
{"logTime": "0106/104354", "correlationVector":"3xw5YLMqdywHcHF9RFhwOg.45","action":"GetUpdates", "result":"DeleteReceived", "context":{"id":"28aba3a9-2b94-4b6f-a4fc-5486f291eec5", "isDeleted:":"true", "version":"1671664409808"}}
{"logTime": "0106/104354", "correlationVector":"3xw5YLMqdywHcHF9RFhwOg.46","action":"GetUpdates", "result":"DeleteReceived", "context":{"id":"d3d4053b-fc5b-462b-b786-96cfd3538357", "isDeleted:":"true", "version":"1671664409809"}}
{"logTime": "0106/104354", "correlationVector":"3xw5YLMqdywHcHF9RFhwOg.47","action":"GetUpdates", "result":"DeleteReceived", "context":{"id":"9ea92247-50de-4f08-ad08-e6cd7ad769be", "isDeleted:":"true", "version":"1671664971311"}}
{"logTime": "0106/104354", "correlationVector":"3xw5YLMqdywHcHF9RFhwOg.48","action":"GetUpdates", "result":"DeleteReceived", "context":{"id":"452bdb2e-9fcc-4b52-9581-21bf12cfdbe3", "isDeleted:":"true", "version":"1671667321651"}}
{"logTime": "0106/104354", "correlationVector":"3xw5YLMqdywHcHF9RFhwOg.49","action":"GetUpdates", "result":"DeleteReceived", "context":{"id":"7689ff33-2cda-40e0-a72f-de6d72ab34db", "isDeleted:":"true", "version":"1671672802041"}}
{"logTime": "0106/104354", "correlationVector":"3xw5YLMqdywHcHF9RFhwOg.50","action":"GetUpdates", "result":"DeleteReceived", "context":{"id":"fba0de88-5866-47db-840a-7f99f67ced63", "isDeleted:":"true", "version":"1671737211897"}}
{"logTime": "0106/104354", "correlationVector":"3xw5YLMqdywHcHF9RFhwOg.51","action":"GetUpdates", "result":"DeleteReceived", "context":{"id":"b7f5841b-645b-408f-84eb-e7e002fed5f0", "isDeleted:":"true", "version":"1671750250593"}}
{"logTime": "0106/104354", "correlationVector":"3xw5YLMqdywHcHF9RFhwOg.52","action":"GetUpdates", "result":"DeleteReceived", "context":{"id":"f63426a3-6eb4-4f7d-89ea-c80027fe4800", "isDeleted:":"true", "version":"1671750250594"}}
{"logTime": "0106/104354", "correlationVector":"3xw5YLMqdywHcHF9RFhwOg.53","action":"GetUpdates", "result":"DeleteReceived", "context":{"id":"4dbff070-fed6-472b-a5ff-5fa098955818", "isDeleted:":"true", "version":"1671757515856"}}
{"logTime": "0106/104354", "correlationVector":"3xw5YLMqdywHcHF9RFhwOg.54","action":"GetUpdates", "result":"DeleteReceived", "context":{"id":"ef38f94f-cf60-4b3b-8e90-0f641441f4c7", "isDeleted:":"true", "version":"1671757515857"}}
{"logTime": "0106/104354", "correlationVector":"3xw5YLMqdywHcHF9RFhwOg.55","action":"GetUpdates", "result":"DeleteReceived", "context":{"id":"b5c77320-b1ab-4bce-ab5b-60ded4129d9e", "isDeleted:":"true", "version":"1671757515858"}}
{"logTime": "0106/104354", "correlationVector":"3xw5YLMqdywHcHF9RFhwOg.56","action":"GetUpdates", "result":"DeleteReceived", "context":{"id":"e2a995ce-3cb3-4518-8250-86f36efbadaf", "isDeleted:":"true", "version":"1671757515859"}}
{"logTime": "0106/104354", "correlationVector":"3xw5YLMqdywHcHF9RFhwOg.57","action":"GetUpdates", "result":"DeleteReceived", "context":{"id":"48ead845-6466-4724-85ee-9050eb6eaa0e", "isDeleted:":"true", "version":"1671757515860"}}
{"logTime": "0106/104354", "correlationVector":"3xw5YLMqdywHcHF9RFhwOg.58","action":"GetUpdates", "result":"DeleteReceived", "context":{"id":"e97fb7dc-89f8-402a-b662-1010ed643239", "isDeleted:":"true", "version":"1671763665444"}}
{"logTime": "0106/104354", "correlationVector":"3xw5YLMqdywHcHF9RFhwOg.59","action":"GetUpdates", "result":"DeleteReceived", "context":{"id":"28f319ac-429c-4e3e-9caf-e8806ce03a9b", "isDeleted:":"true", "version":"1671764176807"}}
{"logTime": "0106/104354", "correlationVector":"3xw5YLMqdywHcHF9RFhwOg.60","action":"GetUpdates", "result":"DeleteReceived", "context":{"id":"729c8a87-45d9-4902-8e83-32286f3644b0", "isDeleted:":"true", "version":"1671766090408"}}
{"logTime": "0106/104354", "correlationVector":"3xw5YLMqdywHcHF9RFhwOg.61","action":"GetUpdates", "result":"DeleteReceived", "context":{"id":"e2926bf0-785b-42dd-93b0-f19635c25d90", "isDeleted:":"true", "version":"1671766090409"}}
{"logTime": "0106/104354", "correlationVector":"3xw5YLMqdywHcHF9RFhwOg.62","action":"GetUpdates", "result":"DeleteReceived", "context":{"id":"41bf10a0-e1f2-47a4-8c8c-cfebfd58a850", "isDeleted:":"true", "version":"1671766090410"}}
{"logTime": "0106/104354", "correlationVector":"3xw5YLMqdywHcHF9RFhwOg.63","action":"GetUpdates", "result":"DeleteReceived", "context":{"id":"e5cc07d7-a68d-4457-bae1-6a7deb90ac2a", "isDeleted:":"true", "version":"1671770353173"}}
{"logTime": "0106/104354", "correlationVector":"3xw5YLMqdywHcHF9RFhwOg.64","action":"GetUpdates", "result":"DeleteReceived", "context":{"id":"6adc9200-8f68-4740-9bec-d31efa38c5c9", "isDeleted:":"true", "version":"1671770353174"}}
{"logTime": "0106/104354", "correlationVector":"3xw5YLMqdywHcHF9RFhwOg.65","action":"GetUpdates", "result":"DeleteReceived", "context":{"id":"24363a38-423a-4c2e-8273-a5d899d5f8ad", "isDeleted:":"true", "version":"1671977414233"}}
{"logTime": "0106/104354", "correlationVector":"3xw5YLMqdywHcHF9RFhwOg.66","action":"GetUpdates", "result":"DeleteReceived", "context":{"id":"a92970a1-9500-4268-b906-4c60fcb4d852", "isDeleted:":"true", "version":"1672025258914"}}
{"logTime": "0106/104354", "correlationVector":"3xw5YLMqdywHcHF9RFhwOg.67","action":"GetUpdates", "result":"DeleteReceived", "context":{"id":"f271c59e-078e-4e58-879d-7960416e644a", "isDeleted:":"true", "version":"1672025258915"}}
{"logTime": "0106/104354", "correlationVector":"3xw5YLMqdywHcHF9RFhwOg.68","action":"GetUpdates", "result":"DeleteReceived", "context":{"id":"07675fae-3e6f-46c3-899f-85d5445feb30", "isDeleted:":"true", "version":"1672025258916"}}
{"logTime": "0106/104354", "correlationVector":"3xw5YLMqdywHcHF9RFhwOg.69","action":"GetUpdates", "result":"DeleteReceived", "context":{"id":"9ecd6045-64f5-40bf-b640-ca221f7c754f", "isDeleted:":"true", "version":"1672025515180"}}
{"logTime": "0106/104354", "correlationVector":"3xw5YLMqdywHcHF9RFhwOg.70","action":"GetUpdates", "result":"DeleteReceived", "context":{"id":"8a8967c1-ecbb-46c0-9e4f-24eecb2958bb", "isDeleted:":"true", "version":"1672025859552"}}
{"logTime": "0106/104354", "correlationVector":"3xw5YLMqdywHcHF9RFhwOg.71","action":"GetUpdates", "result":"DeleteReceived", "context":{"id":"e529a0ae-a2db-4e21-bd86-c44e087bf400", "isDeleted:":"true", "version":"1672025859553"}}
{"logTime": "0106/104354", "correlationVector":"3xw5YLMqdywHcHF9RFhwOg.72","action":"GetUpdates", "result":"DeleteReceived", "context":{"id":"dfaf55a5-253f-4b9a-818e-a631dfbaf9ab", "isDeleted:":"true", "version":"1672057231938"}}
{"logTime": "0106/104354", "correlationVector":"3xw5YLMqdywHcHF9RFhwOg.73","action":"GetUpdates", "result":"DeleteReceived", "context":{"id":"27c5682d-44fc-4771-be72-1d7dc8f19428", "isDeleted:":"true", "version":"1672057231939"}}
{"logTime": "0106/104354", "correlationVector":"3xw5YLMqdywHcHF9RFhwOg.74","action":"GetUpdates", "result":"DeleteReceived", "context":{"id":"8757f24a-987f-4b87-aa74-4fa60b2d3d72", "isDeleted:":"true", "version":"1672461265522"}}
{"logTime": "0106/104354", "correlationVector":"3xw5YLMqdywHcHF9RFhwOg.75","action":"GetUpdates", "result":"DeleteReceived", "context":{"id":"b10702d3-c043-407f-824d-ad1b144d7393", "isDeleted:":"true", "version":"1672463491004"}}
{"logTime": "0106/104354", "correlationVector":"3xw5YLMqdywHcHF9RFhwOg.76","action":"GetUpdates", "result":"DeleteReceived", "context":{"id":"8df3a4df-ba95-4bb0-abb0-5852f180f9d8", "isDeleted:":"true", "version":"1672463709476"}}
{"logTime": "0106/104354", "correlationVector":"3xw5YLMqdywHcHF9RFhwOg.77","action":"GetUpdates", "result":"DeleteReceived", "context":{"id":"1525c9ec-9aef-48e4-8088-e986adcfec09", "isDeleted:":"true", "version":"1672463709477"}}
{"logTime": "0106/104354", "correlationVector":"3xw5YLMqdywHcHF9RFhwOg.78","action":"GetUpdates Response", "result":"SYNCER_OK", "context":Received 181 update(s). cV=3xw5YLMqdywHcHF9RFhwOg.0;server=GENERAL01000018;cloudType=Consumer;environment=Prod_SoutheastAsia_000j}
{"logTime": "0106/104354", "correlationVector":"rw8vIXbwVCviJEgIiM/3CV","action":"Commit Request", "result":"", "context":Item count: 1
Contributing types: Device Info}
{"logTime": "0106/104354", "correlationVector":"rw8vIXbwVCviJEgIiM/3CV.1","action":"SyncServerConnectionManagerRequest", "result":"SYNC_SERVER_OK", "context":{"environment":"Prod_SoutheastAsia_000j", "server":"GENERAL0100000J"}}
{"logTime": "0106/104354", "correlationVector":"rw8vIXbwVCviJEgIiM/3CV.2","action":"Commit Response", "result":"SYNCER_OK", "context":Result: SYNCER_OK. cV=rw8vIXbwVCviJEgIiM/3CV.0;server=GENERAL0100000J;cloudType=Consumer;environment=Prod_SoutheastAsia_000j}
{"logTime": "0106/104354", "correlationVector":"CrhvizNepOX3M2b1FidyfP","action":"Commit Request", "result":"", "context":Item count: 2
Contributing types: Sessions}
{"logTime": "0106/104354", "correlationVector":"CrhvizNepOX3M2b1FidyfP.1","action":"SyncServerConnectionManagerRequest", "result":"SYNC_SERVER_OK", "context":{"environment":"Prod_SoutheastAsia_000j", "server":"GENERAL01000007"}}
{"logTime": "0106/104354", "correlationVector":"CrhvizNepOX3M2b1FidyfP.2","action":"Commit Response", "result":"SYNCER_OK", "context":Result: SYNCER_OK. cV=CrhvizNepOX3M2b1FidyfP.0;server=GENERAL01000007;cloudType=Consumer;environment=Prod_SoutheastAsia_000j}
{"logTime": "0106/110825", "correlationVector":"eR0tJnDDIipz1ZA0ospwv4","action":"Normal GetUpdate request", "result":"", "context":cV=eR0tJnDDIipz1ZA0ospwv4
Nudged types: Sessions
Refresh requested types: Bookmarks, Preferences, Passwords, Autofill Profiles, Autofill, Autofill Custom Data, Typed URLs, Extensions, Sessions, Extension settings, History Delete Directives, Device Info, User Consents, Send Tab To Self, Web Apps, Collection, Encryption Keys}
{"logTime": "0106/110825", "correlationVector":"9lJ9+YS/+ofNEhXFvJySXy.0","action":"FeedSettingFetch_homeCloud", "result":"0", "context":{}}
{"logTime": "0106/110825", "correlationVector":"eR0tJnDDIipz1ZA0ospwv4.1","action":"SyncServerConnectionManagerRequest", "result":"SYNC_SERVER_OK", "context":{"environment":"Prod_SoutheastAsia_000j", "server":"GENERAL0100000E"}}
{"logTime": "0106/110825", "correlationVector":"eR0tJnDDIipz1ZA0ospwv4.2","action":"GetUpdates", "result":"DeleteReceived", "context":{"id":"412701f1-82f5-474c-8e45-c21458cf47a6", "isDeleted:":"true", "version":"1672983500087"}}
{"logTime": "0106/110825", "correlationVector":"eR0tJnDDIipz1ZA0ospwv4.3","action":"GetUpdates Response", "result":"SYNCER_OK", "context":Received 2 update(s). cV=eR0tJnDDIipz1ZA0ospwv4.0;server=GENERAL0100000E;cloudType=Consumer;environment=Prod_SoutheastAsia_000j}
